Line 47: Class MSComctlLib.ListView of control ListView3 was not a loaded control class.
Line 96: Class TabDlg.SSTab of control SSTab1 was not a loaded control class.
Line 357: Class MSComctlLib.ListView of control ListView1 was not a loaded control class.
Line 391: Class MSComctlLib.ListView of control ListView2 was not a loaded control class.
Line 569: Class MSComctlLib.ListView of control LvUser was not a loaded control class.
Line 868: Class Threed.SSFrame of control SSFrame2 was not a loaded control class.
Line 921: Class Threed.SSOption of control SSOption1 was not a loaded control class.
Line 934: Class Threed.SSOption of control SSOption1 was not a loaded control class.
Line 948: Class Threed.SSOption of control SSOption1 was not a loaded control class.
Line 972: Class Threed.SSCommand of control SSCommand1 was not a loaded control class.
Line 995: Class Threed.SSCommand of control SSCommand1 was not a loaded control class.
Line 1019: Class Threed.SSCommand of control SSCommand1 was not a loaded control class.
Line 1042: Class Threed.SSCommand of control SSCommand1 was not a loaded control class.
Line 1066: Class TDBDate6Ctl.TDBDate of control StartDate was not a loaded control class.
Line 1128: Class TDBTime6Ctl.TDBTime of control StartTime was not a loaded control class.
Line 1187: Class TDBDate6Ctl.TDBDate of control EndDate was not a loaded control class.
Line 1249: Class TDBTime6Ctl.TDBTime of control EndTime was not a loaded control class.
Line 1308: Class Threed.SSCommand of control SSCommand1 was not a loaded control class.
Line 53: The property name _ExtentX in ListView3 is invalid.
Line 54: The property name _ExtentY in ListView3 is invalid.
Line 55: The property name View in ListView3 is invalid.
Line 56: The property name LabelEdit in ListView3 is invalid.
Line 57: The property name LabelWrap in ListView3 is invalid.
Line 58: The property name HideSelection in ListView3 is invalid.
Line 59: The property name Checkboxes in ListView3 is invalid.
Line 60: The property name FullRowSelect in ListView3 is invalid.
Line 61: The property name GridLines in ListView3 is invalid.
Line 62: The property name _Version in ListView3 is invalid.
Line 76: The property name NumItems in ListView3 is invalid.
Line 102: The property name _ExtentX in SSTab1 is invalid.
Line 103: The property name _ExtentY in SSTab1 is invalid.
Line 104: The property name _Version in SSTab1 is invalid.
Line 105: The property name Tabs in SSTab1 is invalid.
Line 106: The property name Tab in SSTab1 is invalid.
Line 107: The property name TabsPerRow in SSTab1 is invalid.
Line 108: The property name TabHeight in SSTab1 is invalid.
Line 109: The property name TabCaption(0) in SSTab1 is invalid.
Line 110: The property name TabPicture(0) in SSTab1 is invalid.
Line 111: The property name Tab(0).ControlEnabled in SSTab1 is invalid.
Line 112: The property name Tab(0).Control(0) in SSTab1 is invalid.
Line 113: The property name Tab(0).Control(0).Enabled in SSTab1 is invalid.
Line 114: The property name Tab(0).ControlCount in SSTab1 is invalid.
Line 115: The property name TabCaption(1) in SSTab1 is invalid.
Line 116: The property name TabPicture(1) in SSTab1 is invalid.
Line 117: The property name Tab(1).ControlEnabled in SSTab1 is invalid.
Line 118: The property name Tab(1).Control(0) in SSTab1 is invalid.
Line 119: The property name Tab(1).Control(0).Enabled in SSTab1 is invalid.
Line 120: The property name Tab(1).ControlCount in SSTab1 is invalid.
Line 121: The property name TabCaption(2) in SSTab1 is invalid.
Line 122: The property name TabPicture(2) in SSTab1 is invalid.
Line 123: The property name Tab(2).ControlEnabled in SSTab1 is invalid.
Line 124: The property name Tab(2).Control(0) in SSTab1 is invalid.
Line 125: The property name Tab(2).Control(0).Enabled in SSTab1 is invalid.
Line 126: The property name Tab(2).Control(1) in SSTab1 is invalid.
Line 127: The property name Tab(2).Control(1).Enabled in SSTab1 is invalid.
Line 128: The property name Tab(2).Control(2) in SSTab1 is invalid.
Line 129: The property name Tab(2).Control(2).Enabled in SSTab1 is invalid.
Line 130: The property name Tab(2).Control(3) in SSTab1 is invalid.
Line 131: The property name Tab(2).Control(3).Enabled in SSTab1 is invalid.
Line 132: The property name Tab(2).Control(4) in SSTab1 is invalid.
Line 133: The property name Tab(2).Control(4).Enabled in SSTab1 is invalid.
Line 134: The property name Tab(2).ControlCount in SSTab1 is invalid.
Line 135: The property name TabCaption(3) in SSTab1 is invalid.
Line 136: The property name TabPicture(3) in SSTab1 is invalid.
Line 137: The property name Tab(3).ControlEnabled in SSTab1 is invalid.
Line 138: The property name Tab(3).Control(0) in SSTab1 is invalid.
Line 139: The property name Tab(3).Control(0).Enabled in SSTab1 is invalid.
Line 140: The property name Tab(3).Control(1) in SSTab1 is invalid.
Line 141: The property name Tab(3).Control(1).Enabled in SSTab1 is invalid.
Line 142: The property name Tab(3).ControlCount in SSTab1 is invalid.
Line 143: The property name TabCaption(4) in SSTab1 is invalid.
Line 144: The property name TabPicture(4) in SSTab1 is invalid.
Line 145: The property name Tab(4).ControlEnabled in SSTab1 is invalid.
Line 146: The property name Tab(4).Control(0) in SSTab1 is invalid.
Line 147: The property name Tab(4).Control(0).Enabled in SSTab1 is invalid.
Line 148: The property name Tab(4).Control(1) in SSTab1 is invalid.
Line 149: The property name Tab(4).Control(1).Enabled in SSTab1 is invalid.
Line 150: The property name Tab(4).ControlCount in SSTab1 is invalid.
Line 363: The property name _ExtentX in ListView1 is invalid.
Line 364: The property name _ExtentY in ListView1 is invalid.
Line 365: The property name View in ListView1 is invalid.
Line 366: The property name LabelEdit in ListView1 is invalid.
Line 367: The property name Sorted in ListView1 is invalid.
Line 368: The property name LabelWrap in ListView1 is invalid.
Line 369: The property name HideSelection in ListView1 is invalid.
Line 370: The property name Checkboxes in ListView1 is invalid.
Line 371: The property name FullRowSelect in ListView1 is invalid.
Line 372: The property name GridLines in ListView1 is invalid.
Line 373: The property name TextBackground in ListView1 is invalid.
Line 374: The property name _Version in ListView1 is invalid.
Line 389: The property name NumItems in ListView1 is invalid.
Line 397: The property name _ExtentX in ListView2 is invalid.
Line 398: The property name _ExtentY in ListView2 is invalid.
Line 399: The property name View in ListView2 is invalid.
Line 400: The property name LabelEdit in ListView2 is invalid.
Line 401: The property name Sorted in ListView2 is invalid.
Line 402: The property name LabelWrap in ListView2 is invalid.
Line 403: The property name HideSelection in ListView2 is invalid.
Line 404: The property name FullRowSelect in ListView2 is invalid.
Line 405: The property name GridLines in ListView2 is invalid.
Line 406: The property name TextBackground in ListView2 is invalid.
Line 407: The property name _Version in ListView2 is invalid.
Line 422: The property name NumItems in ListView2 is invalid.
Line 575: The property name _ExtentX in LvUser is invalid.
Line 576: The property name _ExtentY in LvUser is invalid.
Line 577: The property name View in LvUser is invalid.
Line 578: The property name LabelEdit in LvUser is invalid.
Line 579: The property name LabelWrap in LvUser is invalid.
Line 580: The property name HideSelection in LvUser is invalid.
Line 581: The property name Checkboxes in LvUser is invalid.
Line 582: The property name FullRowSelect in LvUser is invalid.
Line 583: The property name GridLines in LvUser is invalid.
Line 584: The property name _Version in LvUser is invalid.
Line 598: The property name NumItems in LvUser is invalid.
Line 716: Property ItemData in CmbSwap had an invalid file reference.
Line 718: Property List in CmbSwap had an invalid file reference.
Line 727: Property ItemData in CmbReguler had an invalid file reference.
Line 729: Property List in CmbReguler had an invalid file reference.
Line 757: Property ItemData in CmbNewEntry had an invalid file reference.
Line 759: Property List in CmbNewEntry had an invalid file reference.
Line 874: The property name _ExtentX in SSFrame2 is invalid.
Line 875: The property name _ExtentY in SSFrame2 is invalid.
Line 876: The property name _Version in SSFrame2 is invalid.
Line 928: The property name _ExtentX in SSOption1 is invalid.
Line 929: The property name _ExtentY in SSOption1 is invalid.
Line 930: The property name _Version in SSOption1 is invalid.
Line 932: The property name Caption in SSOption1 is invalid.
Line 941: The property name _ExtentX in SSOption1 is invalid.
Line 942: The property name _ExtentY in SSOption1 is invalid.
Line 943: The property name _Version in SSOption1 is invalid.
Line 945: The property name Caption in SSOption1 is invalid.
Line 946: The property name Value in SSOption1 is invalid.
Line 955: The property name _ExtentX in SSOption1 is invalid.
Line 956: The property name _ExtentY in SSOption1 is invalid.
Line 957: The property name _Version in SSOption1 is invalid.
Line 959: The property name Caption in SSOption1 is invalid.
Line 979: The property name _ExtentX in SSCommand1 is invalid.
Line 980: The property name _ExtentY in SSCommand1 is invalid.
Line 981: The property name _Version in SSCommand1 is invalid.
Line 992: The property name Caption in SSCommand1 is invalid.
Line 993: The property name ButtonStyle in SSCommand1 is invalid.
Line 972: Property MousePointer in SSCommand1 could not be set.
Line 1003: The property name _ExtentX in SSCommand1 is invalid.
Line 1004: The property name _ExtentY in SSCommand1 is invalid.
Line 1005: The property name _Version in SSCommand1 is invalid.
Line 1016: The property name Caption in SSCommand1 is invalid.
Line 1017: The property name ButtonStyle in SSCommand1 is invalid.
Line 995: Property MousePointer in SSCommand1 could not be set.
Line 1026: The property name _ExtentX in SSCommand1 is invalid.
Line 1027: The property name _ExtentY in SSCommand1 is invalid.
Line 1028: The property name _Version in SSCommand1 is invalid.
Line 1039: The property name Caption in SSCommand1 is invalid.
Line 1040: The property name ButtonStyle in SSCommand1 is invalid.
Line 1019: Property MousePointer in SSCommand1 could not be set.
Line 1050: The property name _ExtentX in SSCommand1 is invalid.
Line 1051: The property name _ExtentY in SSCommand1 is invalid.
Line 1052: The property name _Version in SSCommand1 is invalid.
Line 1063: The property name Caption in SSCommand1 is invalid.
Line 1064: The property name ButtonStyle in SSCommand1 is invalid.
Line 1042: Property MousePointer in SSCommand1 could not be set.
Line 1072: The property name _Version in StartDate is invalid.
Line 1073: The property name _ExtentX in StartDate is invalid.
Line 1074: The property name _ExtentY in StartDate is invalid.
Line 1075: The property name Calendar in StartDate is invalid.
Line 1076: The property name Caption in StartDate is invalid.
Line 1086: The property name DropDown in StartDate is invalid.
Line 1087: The property name Keys in StartDate is invalid.
Line 1088: The property name Spin in StartDate is invalid.
Line 1089: The property name AlignHorizontal in StartDate is invalid.
Line 1090: The property name AlignVertical in StartDate is invalid.
Line 1094: The property name BtnPositioning in StartDate is invalid.
Line 1095: The property name ClipMode in StartDate is invalid.
Line 1096: The property name CursorPosition in StartDate is invalid.
Line 1097: The property name DataProperty in StartDate is invalid.
Line 1098: The property name DisplayFormat in StartDate is invalid.
Line 1099: The property name EditMode in StartDate is invalid.
Line 1101: The property name ErrorBeep in StartDate is invalid.
Line 1102: The property name FirstMonth in StartDate is invalid.
Line 1104: The property name Format in StartDate is invalid.
Line 1105: The property name HighlightText in StartDate is invalid.
Line 1107: The property name MarginBottom in StartDate is invalid.
Line 1108: The property name MarginLeft in StartDate is invalid.
Line 1109: The property name MarginRight in StartDate is invalid.
Line 1110: The property name MarginTop in StartDate is invalid.
Line 1111: The property name MaxDate in StartDate is invalid.
Line 1112: The property name MinDate in StartDate is invalid.
Line 1114: The property name MoveOnLRKey in StartDate is invalid.
Line 1117: The property name PromptChar in StartDate is invalid.
Line 1118: The property name ReadOnly in StartDate is invalid.
Line 1119: The property name ShowContextMenu in StartDate is invalid.
Line 1120: The property name ShowLiterals in StartDate is invalid.
Line 1121: The property name TabAction in StartDate is invalid.
Line 1122: The property name Text in StartDate is invalid.
Line 1123: The property name ValidateMode in StartDate is invalid.
Line 1124: The property name ValueVT in StartDate is invalid.
Line 1125: The property name Value in StartDate is invalid.
Line 1126: The property name CenturyMode in StartDate is invalid.
Line 1134: The property name _Version in StartTime is invalid.
Line 1135: The property name _ExtentX in StartTime is invalid.
Line 1136: The property name _ExtentY in StartTime is invalid.
Line 1137: The property name Caption in StartTime is invalid.
Line 1147: The property name Keys in StartTime is invalid.
Line 1148: The property name Spin in StartTime is invalid.
Line 1149: The property name AlignHorizontal in StartTime is invalid.
Line 1150: The property name AlignVertical in StartTime is invalid.
Line 1154: The property name ClipMode in StartTime is invalid.
Line 1155: The property name CursorPosition in StartTime is invalid.
Line 1156: The property name DataProperty in StartTime is invalid.
Line 1157: The property name DisplayFormat in StartTime is invalid.
Line 1158: The property name EditMode in StartTime is invalid.
Line 1160: The property name ErrorBeep in StartTime is invalid.
Line 1162: The property name Format in StartTime is invalid.
Line 1163: The property name HighlightText in StartTime is invalid.
Line 1164: The property name Hour12Mode in StartTime is invalid.
Line 1166: The property name MarginBottom in StartTime is invalid.
Line 1167: The property name MarginLeft in StartTime is invalid.
Line 1168: The property name MarginRight in StartTime is invalid.
Line 1169: The property name MarginTop in StartTime is invalid.
Line 1170: The property name MaxTime in StartTime is invalid.
Line 1171: The property name MidnightMode in StartTime is invalid.
Line 1172: The property name MinTime in StartTime is invalid.
Line 1174: The property name MoveOnLRKey in StartTime is invalid.
Line 1177: The property name PromptChar in StartTime is invalid.
Line 1178: The property name ReadOnly in StartTime is invalid.
Line 1179: The property name ShowContextMenu in StartTime is invalid.
Line 1180: The property name ShowLiterals in StartTime is invalid.
Line 1181: The property name TabAction in StartTime is invalid.
Line 1182: The property name Text in StartTime is invalid.
Line 1183: The property name ValidateMode in StartTime is invalid.
Line 1184: The property name ValueVT in StartTime is invalid.
Line 1185: The property name Value in StartTime is invalid.
Line 1193: The property name _Version in EndDate is invalid.
Line 1194: The property name _ExtentX in EndDate is invalid.
Line 1195: The property name _ExtentY in EndDate is invalid.
Line 1196: The property name Calendar in EndDate is invalid.
Line 1197: The property name Caption in EndDate is invalid.
Line 1207: The property name DropDown in EndDate is invalid.
Line 1208: The property name Keys in EndDate is invalid.
Line 1209: The property name Spin in EndDate is invalid.
Line 1210: The property name AlignHorizontal in EndDate is invalid.
Line 1211: The property name AlignVertical in EndDate is invalid.
Line 1215: The property name BtnPositioning in EndDate is invalid.
Line 1216: The property name ClipMode in EndDate is invalid.
Line 1217: The property name CursorPosition in EndDate is invalid.
Line 1218: The property name DataProperty in EndDate is invalid.
Line 1219: The property name DisplayFormat in EndDate is invalid.
Line 1220: The property name EditMode in EndDate is invalid.
Line 1222: The property name ErrorBeep in EndDate is invalid.
Line 1223: The property name FirstMonth in EndDate is invalid.
Line 1225: The property name Format in EndDate is invalid.
Line 1226: The property name HighlightText in EndDate is invalid.
Line 1228: The property name MarginBottom in EndDate is invalid.
Line 1229: The property name MarginLeft in EndDate is invalid.
Line 1230: The property name MarginRight in EndDate is invalid.
Line 1231: The property name MarginTop in EndDate is invalid.
Line 1232: The property name MaxDate in EndDate is invalid.
Line 1233: The property name MinDate in EndDate is invalid.
Line 1235: The property name MoveOnLRKey in EndDate is invalid.
Line 1238: The property name PromptChar in EndDate is invalid.
Line 1239: The property name ReadOnly in EndDate is invalid.
Line 1240: The property name ShowContextMenu in EndDate is invalid.
Line 1241: The property name ShowLiterals in EndDate is invalid.
Line 1242: The property name TabAction in EndDate is invalid.
Line 1243: The property name Text in EndDate is invalid.
Line 1244: The property name ValidateMode in EndDate is invalid.
Line 1245: The property name ValueVT in EndDate is invalid.
Line 1246: The property name Value in EndDate is invalid.
Line 1247: The property name CenturyMode in EndDate is invalid.
Line 1255: The property name _Version in EndTime is invalid.
Line 1256: The property name _ExtentX in EndTime is invalid.
Line 1257: The property name _ExtentY in EndTime is invalid.
Line 1258: The property name Caption in EndTime is invalid.
Line 1268: The property name Keys in EndTime is invalid.
Line 1269: The property name Spin in EndTime is invalid.
Line 1270: The property name AlignHorizontal in EndTime is invalid.
Line 1271: The property name AlignVertical in EndTime is invalid.
Line 1275: The property name ClipMode in EndTime is invalid.
Line 1276: The property name CursorPosition in EndTime is invalid.
Line 1277: The property name DataProperty in EndTime is invalid.
Line 1278: The property name DisplayFormat in EndTime is invalid.
Line 1279: The property name EditMode in EndTime is invalid.
Line 1281: The property name ErrorBeep in EndTime is invalid.
Line 1283: The property name Format in EndTime is invalid.
Line 1284: The property name HighlightText in EndTime is invalid.
Line 1285: The property name Hour12Mode in EndTime is invalid.
Line 1287: The property name MarginBottom in EndTime is invalid.
Line 1288: The property name MarginLeft in EndTime is invalid.
Line 1289: The property name MarginRight in EndTime is invalid.
Line 1290: The property name MarginTop in EndTime is invalid.
Line 1291: The property name MaxTime in EndTime is invalid.
Line 1292: The property name MidnightMode in EndTime is invalid.
Line 1293: The property name MinTime in EndTime is invalid.
Line 1295: The property name MoveOnLRKey in EndTime is invalid.
Line 1298: The property name PromptChar in EndTime is invalid.
Line 1299: The property name ReadOnly in EndTime is invalid.
Line 1300: The property name ShowContextMenu in EndTime is invalid.
Line 1301: The property name ShowLiterals in EndTime is invalid.
Line 1302: The property name TabAction in EndTime is invalid.
Line 1303: The property name Text in EndTime is invalid.
Line 1304: The property name ValidateMode in EndTime is invalid.
Line 1305: The property name ValueVT in EndTime is invalid.
Line 1306: The property name Value in EndTime is invalid.
Line 1315: The property name _ExtentX in SSCommand1 is invalid.
Line 1316: The property name _ExtentY in SSCommand1 is invalid.
Line 1317: The property name _Version in SSCommand1 is invalid.
Line 1328: The property name Caption in SSCommand1 is invalid.
Line 1329: The property name ButtonStyle in SSCommand1 is invalid.
Line 1308: Property MousePointer in SSCommand1 could not be set.
