9/24/2006, 4:47:18 PM, 4, 0, :File not found.
9/24/2006, 4:47:18 PM, 4, 0, :File not found.
9/24/2006, 4:47:19 PM, 4, 0, :File not found.
9/24/2006, 4:47:20 PM, 4, 0, :File not found.
9/24/2006, 4:47:20 PM, 4, 0, :File not found.
9/24/2006, 4:49:36 PM, 4, 0, :File not found.
9/24/2006, 4:49:36 PM, 4, 0, :File not found.
9/24/2006, 4:52:36 PM, 4, 0, :File not found.
9/24/2006, 4:52:36 PM, 4, 0, :File not found.
10/9/2006, 10:37:23 AM, 4, 0, D:\Desctop\Collection_Update\Report\RptPromiseToPay.rpt:Server has not yet been opened.
10/9/2006, 10:37:33 AM, 4, 0, D:\Desctop\Collection_Update\Report\RptPromiseToPay.rpt:Server has not yet been opened.
10/10/2006, 13:20:52, 4, 0, D:\Collection_Update\Report\Tracking ReportSPV.rpt:Error detected by database DLL.
10/10/2006, 13:22:57, 4, 0, D:\Collection_Update\Report\RptPromiseToPay.rpt:Error detected by database DLL.
10/12/2006, 11:41:16 AM, 4, 0, D:\Desctop\COLL_update 12-10-06\Collection_Update\Report\historyCall.rpt:Server has not yet been opened.
10/12/2006, 11:41:35 AM, 4, 0, D:\Desctop\COLL_update 12-10-06\Collection_Update\Report\ActualPay.rpt:Server has not yet been opened.
10/12/2006, 11:50:53 AM, 4, 0, D:\Desctop\COLL_update 12-10-06\Collection_Update\Report\historyCall.rpt:Server has not yet been opened.
10/12/2006, 11:51:16 AM, 4, 0, D:\Desctop\COLL_update 12-10-06\Collection_Update\Report\historyCall.rpt:Server has not yet been opened.
10/12/2006, 11:52:52 AM, 4, 0, D:\Desctop\COLL_update 12-10-06\Collection_Update\Report\historyCall.rpt:Server has not yet been opened.
10/12/2006, 11:52:56 AM, 4, 0, D:\Desctop\COLL_update 12-10-06\Collection_Update\Report\historyCall.rpt:Server has not yet been opened.
10/12/2006, 11:54:55 AM, 4, 0, D:\Desctop\COLL_update 12-10-06\Collection_Update\Report\historyCall.rpt:Server has not yet been opened.
10/12/2006, 11:55:04 AM, 4, 0, D:\Desctop\COLL_update 12-10-06\Collection_Update\Report\ActualPay.rpt:Server has not yet been opened.
10/12/2006, 11:57:11 AM, 4, 0, D:\Desctop\COLL_update 12-10-06\Collection_Update\Report\ActualPay.rpt:Server has not yet been opened.
10/12/2006, 11:59:25 AM, 4, 0, D:\Desctop\COLL_update 12-10-06\Collection_Update\Report\ActualPay.rpt:Server has not yet been opened.
10/12/2006, 11:59:42 AM, 4, 0, D:\Desctop\COLL_update 12-10-06\Collection_Update\Report\historyCall.rpt:Server has not yet been opened.
10/12/2006, 12:05:49 PM, 4, 0, D:\Desctop\COLL_update 12-10-06\Collection_Update\Report\ActualPay.rpt:Server has not yet been opened.
10/12/2006, 12:05:57 PM, 4, 0, D:\Desctop\COLL_update 12-10-06\Collection_Update\Report\historyCall.rpt:Server has not yet been opened.
10/29/2006, 2:43:58 PM, 4, 0, D:\Desctop\COLL_update 12-10-06\Collection_Update\Report\historyCall_custid.rpt:Error detected by database DLL.
10/29/2006, 2:44:04 PM, 4, 0, D:\Desctop\COLL_update 12-10-06\Collection_Update\Report\historyCall.rpt:Error detected by database DLL.
1/9/2007, 2:14:00 PM, 4, 0, :File not found.
1/9/2007, 2:14:00 PM, 4, 0, :File not found.
1/9/2007, 2:14:09 PM, 4, 0, :File not found.
1/9/2007, 2:14:09 PM, 4, 0, :File not found.
1/9/2007, 2:14:42 PM, 4, 0, :File not found.
1/9/2007, 2:14:44 PM, 4, 0, :File not found.
1/9/2007, 2:20:29 PM, 4, 0, D:\Boedhi\COLL_update 21-11-06\Collection_Update\Report\RptPromiseToPay.rpt:Error detected by database DLL.
1/9/2007, 2:20:33 PM, 4, 0, D:\Boedhi\COLL_update 21-11-06\Collection_Update\Report\RptPromiseToPay.rpt:Error detected by database DLL.
30/06/2008, 15:46:35, 4, 0, :File not found.
30/06/2008, 15:46:36, 4, 0, :File not found.
30/06/2008, 15:52:58, 4, 0, :File not found.
30/06/2008, 15:52:58, 4, 0, :File not found.
30/06/2008, 15:56:59, 4, 0, :File not found.
30/06/2008, 15:57:01, 4, 0, :File not found.
30/06/2008, 15:59:50, 4, 0, :File not found.
30/06/2008, 15:59:55, 4, 0, :File not found.
08/07/2008, 10:27:54, 4, 0, :Invalid file handle.
08/07/2008, 10:27:54, 4, 0, :Invalid file handle.
08/07/2008, 10:28:02, 4, 0, :Invalid file handle.
08/07/2008, 10:28:02, 4, 0, :Invalid file handle.
08/07/2008, 10:28:46, 4, 0, :Invalid directory.
08/07/2008, 10:28:46, 4, 0, :Invalid directory.
13/10/2008, 2:33:54 AM, 4, 0, :Invalid directory.
13/10/2008, 2:33:54 AM, 4, 0, :Invalid directory.
13/10/2008, 14:39:22, 4, 0, :Invalid directory.
13/10/2008, 14:39:22, 4, 0, :Invalid directory.
13/10/2008, 14:41:27, 4, 0, :Invalid directory.
13/10/2008, 14:41:27, 4, 0, :Invalid directory.
13/10/2008, 14:42:31, 4, 0, D:\COLLECTION\Report\Detail PTP.rpt:Error detected by database DLL.
14/10/2008, 1:53:26 PM, 4, 0, :Invalid directory.
14/10/2008, 1:53:26 PM, 4, 0, :Invalid directory.
14/10/2008, 1:58:56 PM, 4, 0, :Invalid directory.
14/10/2008, 1:58:56 PM, 4, 0, :Invalid directory.
14/10/2008, 1:58:57 PM, 4, 0, :Invalid directory.
14/10/2008, 1:58:57 PM, 4, 0, :Invalid directory.
14/10/2008, 2:06:05 PM, 4, 0, :Invalid directory.
14/10/2008, 2:06:05 PM, 4, 0, :Invalid directory.
16/10/2008, 12:39:29, 4, 0, :Invalid directory.
16/10/2008, 12:39:29, 4, 0, :Invalid directory.
17/10/2008, 15:49:33, 4, 0, D:\COLLECTION\Report\Detail PTP new.rpt:Error detected by database DLL.
17/10/2008, 15:57:48, 4, 0, :File not found.
17/10/2008, 15:57:48, 4, 0, :File not found.
18/10/2008, 4:37:19 PM, 4, 0, :Invalid directory.
18/10/2008, 4:37:19 PM, 4, 0, :Invalid directory.
8/2/2009, 7:42:10 PM, 4, 0, :Invalid directory.
8/2/2009, 7:42:10 PM, 4, 0, :Invalid directory.
8/2/2009, 7:42:52 PM, 4, 0, :File not found.
8/2/2009, 7:42:53 PM, 4, 0, :File not found.
8/2/2009, 7:42:58 PM, 4, 0, :File not found.
8/2/2009, 7:43:30 PM, 4, 0, :Invalid directory.
8/2/2009, 7:43:30 PM, 4, 0, :Invalid directory.
8/2/2009, 7:46:02 PM, 4, 0, :File not found.
8/2/2009, 7:48:16 PM, 4, 0, G:\PROGRAM COLL\30juli2009\new_TINS_RIT_CARD\Report\Tracking ReportagentGlobal.rpt:Server has not yet been opened.
8/4/2009, 12:57:45 PM, 4, 0, :Invalid directory.
8/4/2009, 12:57:45 PM, 4, 0, :Invalid directory.
8/4/2009, 8:32:46 PM, 4, 0, D:\PROGRAM COLL\30juli2009\new_TINS_RIT_CARD_TL\Report\RptTrackingField.rpt:Server has not yet been opened.
8/4/2009, 8:37:22 PM, 4, 0, D:\COLLECTION\Report\RptPromiseToPay.rpt:Server has not yet been opened.
8/4/2009, 9:23:58 PM, 4, 0, :File not found.
8/4/2009, 9:23:58 PM, 4, 0, :File not found.
8/4/2009, 9:25:41 PM, 4, 0, :File not found.
8/4/2009, 9:25:41 PM, 4, 0, :File not found.
8/4/2009, 9:26:33 PM, 4, 0, D:\COLLECTION\Report\RptPromiseToPay.rpt:Server has not yet been opened.
8/4/2009, 9:26:38 PM, 4, 0, D:\COLLECTION\Report\RptPromiseToPay.rpt:Server has not yet been opened.
8/4/2009, 9:27:08 PM, 4, 0, D:\COLLECTION\Report\RptPromiseToPay.rpt:Server has not yet been opened.
8/4/2009, 9:27:13 PM, 4, 0, D:\COLLECTION\Report\RptPTPJatuhTempo.rpt:Server has not yet been opened.
8/4/2009, 9:31:02 PM, 4, 0, :File not found.
8/4/2009, 9:31:02 PM, 4, 0, :File not found.
8/4/2009, 9:31:07 PM, 4, 0, :File not found.
8/4/2009, 9:45:23 PM, 4, 0, :File not found.
8/4/2009, 9:45:23 PM, 4, 0, :File not found.
8/4/2009, 9:52:12 PM, 4, 0, :File not found.
8/4/2009, 9:52:12 PM, 4, 0, :File not found.
8/4/2009, 9:54:01 PM, 4, 0, :File not found.
8/4/2009, 9:54:01 PM, 4, 0, :File not found.
8/4/2009, 10:10:36 PM, 4, 0, D:\COLLECTION\Report\RptPromiseToPay.rpt:Server has not yet been opened.
8/4/2009, 10:10:47 PM, 4, 0, D:\COLLECTION\Report\ActualPay.rpt:Server has not yet been opened.
8/4/2009, 10:14:33 PM, 4, 0, D:\COLLECTION\Report\RptPromiseToPay.rpt:Server has not yet been opened.
8/4/2009, 10:14:38 PM, 4, 0, D:\COLLECTION\Report\RptPromiseToPay.rpt:Server has not yet been opened.
8/4/2009, 10:20:09 PM, 4, 0, D:\COLLECTION\Report\ActualPay.rpt:Server has not yet been opened.
8/5/2009, 4:01:13 PM, 4, 0, :File not found.
8/5/2009, 4:01:13 PM, 4, 0, :File not found.
8/5/2009, 4:03:05 PM, 4, 0, :File not found.
8/5/2009, 4:03:05 PM, 4, 0, :File not found.
8/5/2009, 4:03:41 PM, 4, 0, D:\COLLECTION\Report\Detail PTP.rpt:Server has not yet been opened.
8/5/2009, 5:01:49 PM, 4, 0, D:\COLLECTION\Report\RptPTPJatuhTempo.rpt:Server has not yet been opened.
8/5/2009, 7:13:16 PM, 4, 0, D:\COLLECTION\Report\RptPromiseToPay.rpt:Server has not yet been opened.
8/5/2009, 7:14:18 PM, 4, 0, D:\COLLECTION\Report\RptPromiseToPay.rpt:Server has not yet been opened.
8/5/2009, 7:17:51 PM, 4, 0, :File not found.
8/5/2009, 7:17:51 PM, 4, 0, :File not found.
8/5/2009, 7:19:48 PM, 4, 0, :File not found.
8/5/2009, 7:19:48 PM, 4, 0, :File not found.
8/5/2009, 7:23:34 PM, 4, 0, :File not found.
8/5/2009, 7:23:34 PM, 4, 0, :File not found.
8/5/2009, 7:29:13 PM, 4, 0, D:\COLLECTION\Report\ReservedPTP.rpt:Server has not yet been opened.
8/5/2009, 7:46:03 PM, 4, 0, D:\COLLECTION\Report\ReservedPTP.rpt:Server has not yet been opened.
8/5/2009, 7:46:08 PM, 4, 0, D:\COLLECTION\Report\ReservedPTP.rpt:Server has not yet been opened.
8/5/2009, 8:19:46 PM, 4, 0, D:\COLLECTION\Report\ActualPay.rpt:Server has not yet been opened.
8/5/2009, 8:19:49 PM, 4, 0, D:\COLLECTION\Report\ActualPay.rpt:Server has not yet been opened.
8/5/2009, 8:22:35 PM, 4, 0, D:\COLLECTION\Report\ActualPay.rpt:Server has not yet been opened.
8/20/2009, 5:10:20 AM, 4, 0, D:\COLLECTION_AWARNESS\Report\Tracking ReportAgentGlobalPIL.rpt:Server has not yet been opened.
8/20/2009, 5:14:33 AM, 4, 0, D:\COLLECTION_AWARNESS\Report\Tracking ReportAgentGlobalPIL.rpt:Server has not yet been opened.
11/24/2009, 2:16:33 PM, 4, 0, :Invalid directory.
11/24/2009, 2:16:33 PM, 4, 0, :Invalid directory.
11/24/2009, 2:16:38 PM, 4, 0, :Invalid directory.
11/24/2009, 2:16:41 PM, 4, 0, :Invalid directory.
1/14/2010, 9:17:29 AM, 4, 0, :File not found.
1/14/2010, 9:17:29 AM, 4, 0, :File not found.
1/14/2010, 10:46:26 PM, 4, 0, D:\COLLECTION_RITCARD\Report\Rptlist.rpt:Error detected by database DLL.
1/14/2010, 10:46:40 PM, 4, 0, D:\COLLECTION_RITCARD\Report\Rptlist.rpt:Error detected by database DLL.
1/14/2010, 10:46:42 PM, 4, 0, D:\COLLECTION_RITCARD\Report\Rptlist.rpt:Error detected by database DLL.
1/14/2010, 10:46:43 PM, 4, 0, D:\COLLECTION_RITCARD\Report\Rptlist.rpt:Error detected by database DLL.
1/14/2010, 10:46:45 PM, 4, 0, D:\COLLECTION_RITCARD\Report\Rptlist.rpt:Error detected by database DLL.
1/14/2010, 10:46:46 PM, 4, 0, D:\COLLECTION_RITCARD\Report\Rptlist.rpt:Error detected by database DLL.
1/14/2010, 10:46:47 PM, 4, 0, D:\COLLECTION_RITCARD\Report\Rptlist.rpt:Error detected by database DLL.
1/14/2010, 10:46:50 PM, 4, 0, D:\COLLECTION_RITCARD\Report\Rptlist.rpt:Error detected by database DLL.
1/14/2010, 10:46:51 PM, 4, 0, D:\COLLECTION_RITCARD\Report\Rptlist.rpt:Error detected by database DLL.
1/14/2010, 10:46:52 PM, 4, 0, D:\COLLECTION_RITCARD\Report\Rptlist.rpt:Error detected by database DLL.
1/14/2010, 10:46:53 PM, 4, 0, D:\COLLECTION_RITCARD\Report\Rptlist.rpt:Error detected by database DLL.
1/14/2010, 10:53:35 PM, 4, 0, D:\COLLECTION_RITCARD\Report\Rptlist.rpt:Error detected by database DLL.
1/14/2010, 10:58:53 PM, 4, 0, D:\COLLECTION_RITCARD\Report\Rptlist.rpt:Error detected by database DLL.
1/14/2010, 10:58:54 PM, 4, 0, D:\COLLECTION_RITCARD\Report\Rptlist.rpt:Error detected by database DLL.
1/14/2010, 10:58:55 PM, 4, 0, D:\COLLECTION_RITCARD\Report\Rptlist.rpt:Error detected by database DLL.
1/14/2010, 10:59:28 PM, 4, 0, D:\COLLECTION_RITCARD\Report\Rptlist.rpt:Error detected by database DLL.
1/14/2010, 10:59:29 PM, 4, 0, D:\COLLECTION_RITCARD\Report\Rptlist.rpt:Error detected by database DLL.
1/14/2010, 11:07:54 PM, 4, 0, D:\COLLECTION_RITCARD\Report\Rptlist.rpt:Error detected by database DLL.
1/14/2010, 11:16:54 PM, 4, 0, D:\COLLECTION_RITCARD\Report\Rptlist.rpt:Error detected by database DLL.
1/14/2010, 11:35:36 PM, 4, 0, D:\COLLECTION_RITCARD\Report\Rptlist.rpt:Error detected by database DLL.
1/14/2010, 11:40:10 PM, 4, 0, D:\COLLECTION_RITCARD\Report\Rptlist.rpt:Error detected by database DLL.
1/14/2010, 11:40:15 PM, 4, 0, D:\COLLECTION_RITCARD\Report\Rptlist.rpt:Error detected by database DLL.
1/14/2010, 11:40:40 PM, 4, 0, D:\COLLECTION_RITCARD\Report\Rptlist.rpt:Error detected by database DLL.
1/14/2010, 11:44:06 PM, 4, 0, D:\COLLECTION_RITCARD\Report\Rptlist.rpt:Error detected by database DLL.
1/14/2010, 11:44:23 PM, 4, 0, D:\COLLECTION_RITCARD\Report\Rptlist.rpt:Error detected by database DLL.
1/14/2010, 11:44:44 PM, 4, 0, D:\COLLECTION_RITCARD\Report\Rptlist.rpt:Error detected by database DLL.
1/14/2010, 11:54:31 PM, 4, 0, D:\COLLECTION_RITCARD\Report\Rptlist.rpt:Error detected by database DLL.
1/15/2010, 1:23:18 AM, 4, 0, D:\COLLECTION_RITCARD\Report\RptCpaRincian.rpt:Error detected by database DLL.
1/15/2010, 1:23:19 AM, 4, 0, D:\COLLECTION_RITCARD\Report\RptCpaRincian.rpt:Error detected by database DLL.
1/15/2010, 1:23:20 AM, 4, 0, D:\COLLECTION_RITCARD\Report\RptCpaRincian.rpt:Error detected by database DLL.
1/15/2010, 1:42:18 AM, 4, 0, D:\COLLECTION_RITCARD\Report\RptCpaRincian.rpt:Error detected by database DLL.
1/15/2010, 1:42:19 AM, 4, 0, D:\COLLECTION_RITCARD\Report\RptCpaRincian.rpt:Error detected by database DLL.
1/15/2010, 1:42:20 AM, 4, 0, D:\COLLECTION_RITCARD\Report\RptCpaRincian.rpt:Error detected by database DLL.
1/15/2010, 1:42:21 AM, 4, 0, D:\COLLECTION_RITCARD\Report\RptCpaRincian.rpt:Error detected by database DLL.
1/15/2010, 1:44:54 AM, 4, 0, D:\COLLECTION_RITCARD\Report\RptCpaRincian.rpt:Error detected by database DLL.
1/15/2010, 1:47:31 AM, 4, 0, D:\COLLECTION_RITCARD\Report\RptCpaRincian.rpt:Error detected by database DLL.
1/15/2010, 1:49:38 AM, 4, 0, D:\COLLECTION_RITCARD\Report\RptCpaRincian.rpt:Error detected by database DLL.
1/15/2010, 1:49:42 AM, 4, 0, D:\COLLECTION_RITCARD\Report\RptCpaRincian.rpt:Error detected by database DLL.
1/15/2010, 1:53:30 AM, 4, 0, D:\COLLECTION_RITCARD\Report\RptCpaRincian.rpt:Error detected by database DLL.
1/15/2010, 1:59:22 AM, 4, 0, D:\COLLECTION_RITCARD\Report\RptCpaRincian.rpt:Error detected by database DLL.
1/15/2010, 2:01:41 AM, 4, 0, D:\COLLECTION_RITCARD\Report\RptCpaRincian.rpt:Error detected by database DLL.
1/15/2010, 2:03:56 AM, 4, 0, D:\COLLECTION_RITCARD\Report\RptCpaRincian.rpt:Error detected by database DLL.
1/19/2010, 12:41:22 PM, 4, 0, D:\COLLECTION_RITCARD\Report\Rptlist.rpt:Server has not yet been opened.
1/19/2010, 12:41:23 PM, 4, 0, D:\COLLECTION_RITCARD\Report\Rptlist.rpt:Server has not yet been opened.
2/10/2010, 5:48:38 PM, 4, 0, D:\COLLECTION_RITCARD\Report\RptPromiseToPaynew.rpt:Error detected by database DLL.
2/17/2010, 3:27:56 PM, 4, 0, D:\COLLECTION_RITCARD\Report\RptCpaRincian.rpt:Server has not yet been opened.
5/6/2010, 10:53:00 AM, 4, 0, :File not found.
5/6/2010, 10:53:00 AM, 4, 0, :File not found.
5/6/2010, 10:53:40 AM, 4, 0, :File not found.
12/1/2010, 2:19:13 PM, 4, 0, :File not found.
12/1/2010, 2:19:13 PM, 4, 0, :File not found.
12/1/2010, 2:19:20 PM, 4, 0, :File not found.
12/1/2010, 2:19:39 PM, 4, 0, :File not found.
12/1/2010, 2:19:47 PM, 4, 0, :File not found.
2/5/2011, 12:04:00 PM, 4, 0, :Invalid directory.
2/5/2011, 12:04:00 PM, 4, 0, :Invalid directory.
2/5/2011, 12:04:18 PM, 4, 0, :Invalid directory.
2/5/2011, 12:04:21 PM, 4, 0, :Invalid directory.
10/13/2011, 4:28:48 PM, 4, 0, D:\COLLECTION_RITCARD\Report\RptSuratPenawaran.rpt:There are too many characters in this string.
10/13/2011, 4:30:12 PM, 4, 0, D:\COLLECTION_RITCARD\Report\RptSuratPenawaran.rpt:There are too many characters in this string.
10/13/2011, 4:34:38 PM, 4, 0, D:\COLLECTION_RITCARD\Report\RptSuratPenawaran.rpt:There are too many characters in this string.
10/13/2011, 4:35:14 PM, 4, 0, D:\COLLECTION_RITCARD\Report\RptSuratPenawaran.rpt:There are too many characters in this string.
10/13/2011, 4:35:42 PM, 4, 0, D:\COLLECTION_RITCARD\Report\RptSuratPenawaran.rpt:There are too many characters in this string.
10/13/2011, 4:36:03 PM, 4, 0, D:\COLLECTION_RITCARD\Report\RptSuratPenawaran.rpt:There are too many characters in this string.
10/13/2011, 4:36:57 PM, 4, 0, D:\COLLECTION_RITCARD\Report\RptSuratPenawaran.rpt:There are too many characters in this string.
10/13/2011, 4:39:09 PM, 4, 0, D:\COLLECTION_RITCARD\Report\RptSuratPenawaran.rpt:There are too many characters in this string.
10/14/2011, 2:37:12 PM, 4, 0, D:\COLLECTION_RITCARD\Report\RptSuratPenawaran.rpt:The matching ' for this string is missing.
10/14/2011, 2:37:23 PM, 4, 0, D:\COLLECTION_RITCARD\Report\RptSuratPenawaran.rpt:The matching ' for this string is missing.
10/14/2011, 2:37:29 PM, 4, 0, D:\COLLECTION_RITCARD\Report\RptSuratPenawaran.rpt:The matching ' for this string is missing.
10/14/2011, 2:37:49 PM, 4, 0, D:\COLLECTION_RITCARD\Report\RptSuratPenawaran.rpt:The matching ' for this string is missing.
10/14/2011, 2:38:53 PM, 4, 0, D:\COLLECTION_RITCARD\Report\RptSuratPenawaran.rpt:The matching ' for this string is missing.
10/14/2011, 2:40:09 PM, 4, 0, D:\COLLECTION_RITCARD\Report\RptSuratPenawaran.rpt:The matching ' for this string is missing.
10/14/2011, 2:40:59 PM, 4, 0, D:\COLLECTION_RITCARD\Report\RptSuratPenawaran.rpt:The matching ' for this string is missing.
10/28/2011, 9:56:50 AM, 4, 0, D:\COLLECTION_RITCARD\Report\RptJadwalBayar.rpt:The matching ' for this string is missing.
4/16/2012, 10:32:28 AM, 4, 0, D:\COLLECTION_RITCARD\Report\ReservedPTPversi2.rpt:Error detected by database DLL.
11/7/2013, 2:52:08 PM, 4, 0, D:\COLLECTION_RITCARD\Report\Rptcpaelektronik.rpt:Failed to export the report.

11/7/2013, 2:52:08 PM, 4, 0, D:\COLLECTION_RITCARD\Report\Rptcpaelektronik.rpt:User cancelled.
3/24/2014, 12:31:58 PM, 4, 0, :Invalid directory.
3/24/2014, 12:31:58 PM, 4, 0, :Invalid directory.
3/24/2014, 12:32:29 PM, 4, 0, :Invalid directory.
3/24/2014, 12:32:29 PM, 4, 0, :Invalid directory.
10/14/2014, 12:05:13 AM, 4, 0, :Invalid directory.
10/14/2014, 12:05:15 AM, 4, 0, :Invalid directory.
10/14/2014, 12:05:56 AM, 4, 0, :Invalid directory.
10/14/2014, 12:06:02 AM, 4, 0, :Invalid directory.
10/14/2014, 12:06:10 AM, 4, 0, :Invalid directory.
10/14/2014, 12:06:18 AM, 4, 0, :Invalid directory.
10/14/2014, 12:06:18 AM, 4, 0, :Invalid directory.
10/14/2014, 12:06:18 AM, 4, 0, :Invalid directory.
10/14/2014, 12:06:18 AM, 4, 0, :Invalid directory.
10/14/2014, 12:06:18 AM, 4, 0, :Invalid directory.
10/14/2014, 12:06:18 AM, 4, 0, :Invalid directory.
10/14/2014, 12:06:18 AM, 4, 0, :Invalid directory.
10/14/2014, 12:06:18 AM, 4, 0, :Invalid directory.
10/14/2014, 12:06:18 AM, 4, 0, :Invalid directory.
10/14/2014, 12:06:18 AM, 4, 0, :Invalid directory.
10/14/2014, 12:06:28 AM, 4, 0, :Invalid directory.
10/14/2014, 12:07:33 AM, 4, 0, :Invalid directory.
10/14/2014, 12:07:35 AM, 4, 0, :Invalid directory.
3/25/2015, 10:59:54 AM, 4, 0, D:\COLLECTION_RITCARD\Report\RptPTPJatuhTempoNew_REGULER.rpt:The file is in use by another application.
3/25/2015, 11:04:25 AM, 4, 0, D:\COLLECTION_RITCARD\Report\RptPTPJatuhTempoNew_REGULER.rpt:The file is in use by another application.
3/25/2015, 11:15:32 AM, 4, 0, D:\COLLECTION_RITCARD\Report\RptPTPJatuhTempoNew_REGULER.rpt:The file is in use by another application.
3/25/2015, 11:23:00 AM, 4, 0, D:\COLLECTION_RITCARD\Report\RptPTPJatuhTempoNew_REGULER.rpt:The file is in use by another application.
3/25/2015, 2:46:47 PM, 4, 0, D:\COLLECTION_RITCARD\Report\RptPTPJatuhTempoNew_REGULER.rpt:The file is in use by another application.
5/9/2016, 10:32:08 AM, 4, 0, :Invalid directory.
5/9/2016, 10:32:08 AM, 4, 0, :Invalid directory.
5/9/2016, 10:32:23 AM, 4, 0, :Invalid directory.
5/9/2016, 10:32:41 AM, 4, 0, :Invalid directory.
5/9/2016, 10:32:47 AM, 4, 0, :Invalid directory.
5/9/2016, 10:33:01 AM, 4, 0, :Invalid directory.
5/9/2016, 10:33:01 AM, 4, 0, :Invalid directory.
5/9/2016, 12:09:06 PM, 4, 0, :Invalid directory.
5/9/2016, 12:09:06 PM, 4, 0, :Invalid directory.
5/9/2016, 12:09:54 PM, 4, 0, :Invalid directory.
5/9/2016, 12:09:54 PM, 4, 0, :Invalid directory.
5/9/2016, 12:13:46 PM, 4, 0, D:\COLLECTION_RITCARD\Report\RptResultDeskCall.rpt:Error detected by database DLL.
5/9/2016, 12:14:02 PM, 4, 0, D:\COLLECTION_RITCARD\Report\RptResultDeskCall.rpt:Error detected by database DLL.
5/9/2016, 12:14:03 PM, 4, 0, D:\COLLECTION_RITCARD\Report\RptResultDeskCall.rpt:Error detected by database DLL.
5/9/2016, 12:14:03 PM, 4, 0, D:\COLLECTION_RITCARD\Report\RptResultDeskCall.rpt:Error detected by database DLL.
5/9/2016, 12:14:03 PM, 4, 0, D:\COLLECTION_RITCARD\Report\RptResultDeskCall.rpt:Error detected by database DLL.
5/9/2016, 12:14:03 PM, 4, 0, D:\COLLECTION_RITCARD\Report\RptResultDeskCall.rpt:Error detected by database DLL.
5/9/2016, 12:14:03 PM, 4, 0, D:\COLLECTION_RITCARD\Report\RptResultDeskCall.rpt:Error detected by database DLL.
5/9/2016, 12:14:03 PM, 4, 0, D:\COLLECTION_RITCARD\Report\RptResultDeskCall.rpt:Error detected by database DLL.
5/9/2016, 12:14:03 PM, 4, 0, D:\COLLECTION_RITCARD\Report\RptResultDeskCall.rpt:Error detected by database DLL.
5/9/2016, 12:14:49 PM, 4, 0, D:\COLLECTION_RITCARD\Report\RptResultDeskCall.rpt:Error detected by database DLL.
5/9/2016, 12:22:41 PM, 4, 0, D:\COLLECTION_RITCARD\Report\RptResultDeskCall.rpt:Error detected by database DLL.
5/9/2016, 12:22:46 PM, 4, 0, D:\COLLECTION_RITCARD\Report\RptResultDeskCall.rpt:Error detected by database DLL.
5/9/2016, 12:23:10 PM, 4, 0, D:\COLLECTION_RITCARD\Report\RptResultDeskCall.rpt:Error detected by database DLL.
5/9/2016, 12:24:07 PM, 4, 0, D:\COLLECTION_RITCARD\Report\RptResultDeskCall.rpt:Error detected by database DLL.
5/9/2016, 12:25:45 PM, 4, 0, D:\COLLECTION_RITCARD\Report\RptResultDeskCall.rpt:Error detected by database DLL.
5/9/2016, 12:26:12 PM, 4, 0, D:\COLLECTION_RITCARD\Report\RptResultDeskCall.rpt:Error detected by database DLL.
5/9/2016, 12:27:10 PM, 4, 0, D:\COLLECTION_RITCARD\Report\RptResultDeskCall.rpt:Error detected by database DLL.
5/9/2016, 12:27:17 PM, 4, 0, D:\COLLECTION_RITCARD\Report\RptResultDeskCall.rpt:Error detected by database DLL.
5/9/2016, 12:27:19 PM, 4, 0, D:\COLLECTION_RITCARD\Report\RptResultDeskCall.rpt:Error detected by database DLL.
5/9/2016, 12:27:19 PM, 4, 0, D:\COLLECTION_RITCARD\Report\RptResultDeskCall.rpt:Error detected by database DLL.
5/9/2016, 12:27:23 PM, 4, 0, D:\COLLECTION_RITCARD\Report\RptResultDeskCall.rpt:Error detected by database DLL.
5/9/2016, 12:28:18 PM, 4, 0, D:\COLLECTION_RITCARD\Report\RptResultDeskCall.rpt:Error detected by database DLL.
5/9/2016, 12:28:21 PM, 4, 0, D:\COLLECTION_RITCARD\Report\RptResultDeskCall.rpt:Error detected by database DLL.
5/9/2016, 12:28:27 PM, 4, 0, D:\COLLECTION_RITCARD\Report\RptResultDeskCall.rpt:Error detected by database DLL.
5/9/2016, 12:28:32 PM, 4, 0, D:\COLLECTION_RITCARD\Report\RptResultDeskCall.rpt:Error detected by database DLL.
5/9/2016, 12:28:32 PM, 4, 0, D:\COLLECTION_RITCARD\Report\RptResultDeskCall.rpt:Error detected by database DLL.
5/9/2016, 12:28:35 PM, 4, 0, D:\COLLECTION_RITCARD\Report\RptResultDeskCall.rpt:Error detected by database DLL.
5/9/2016, 12:28:38 PM, 4, 0, D:\COLLECTION_RITCARD\Report\RptResultDeskCall.rpt:Error detected by database DLL.
5/9/2016, 12:28:48 PM, 4, 0, D:\COLLECTION_RITCARD\Report\RptResultDeskCall.rpt:Error detected by database DLL.
5/9/2016, 12:28:53 PM, 4, 0, D:\COLLECTION_RITCARD\Report\RptResultDeskCall.rpt:Error detected by database DLL.
5/9/2016, 12:28:59 PM, 4, 0, D:\COLLECTION_RITCARD\Report\RptResultDeskCall.rpt:Error detected by database DLL.
5/9/2016, 1:12:05 PM, 4, 0, D:\COLLECTION_RITCARD\Report\RptResultDeskCall.rpt:Error detected by database DLL.
5/9/2016, 1:12:08 PM, 4, 0, D:\COLLECTION_RITCARD\Report\RptResultDeskCall.rpt:Error detected by database DLL.
5/9/2016, 1:27:01 PM, 4, 0, D:\COLLECTION_RITCARD\Report\RptResultDeskCall.rpt:Error detected by database DLL.
5/9/2016, 1:27:01 PM, 4, 0, D:\COLLECTION_RITCARD\Report\RptResultDeskCall.rpt:Error detected by database DLL.
5/9/2016, 1:32:16 PM, 4, 0, D:\COLLECTION_RITCARD\Report\RptResultDeskCall.rpt:Error detected by database DLL.
5/9/2016, 1:34:36 PM, 4, 0, D:\COLLECTION_RITCARD\Report\RptResultDeskCall.rpt:Error detected by database DLL.
5/9/2016, 1:34:48 PM, 4, 0, D:\COLLECTION_RITCARD\Report\RptResultDeskCall.rpt:Error detected by database DLL.
5/9/2016, 1:38:55 PM, 4, 0, D:\COLLECTION_RITCARD\Report\RptResultDeskCall.rpt:Error detected by database DLL.
5/9/2016, 1:59:22 PM, 4, 0, D:\COLLECTION_RITCARD\Report\RptResultDeskCall.rpt:Error detected by database DLL.
11/01/2017, 10:27:40, 4, 0, :Invalid directory.
11/01/2017, 10:27:42, 4, 0, :Invalid directory.
11/01/2017, 10:27:47, 4, 0, :Invalid directory.
11/01/2017, 10:27:54, 4, 0, :Invalid directory.
11/01/2017, 10:28:05, 4, 0, :Invalid directory.
03/16/17, 16:39:50, 4, 0, D:\COLLECTION_RITCARD\Report\RptPTPJatuhTempoNew.rpt:Server has not yet been opened.
02/14/18, 10:59:56, 4, 0, D:\COLLECTION_RITCARD\Report\RptSuratPenawaran.rpt:A field is required here.
