Line 70: Class TDBMask6Ctl.TDBMask of control txtECnoA was not a loaded control class.
Line 195: Class TDBDate6Ctl.TDBDate of control lblDate was not a loaded control class.
Line 258: Class RichTextLib.RichTextBox of control lblAddr was not a loaded control class.
Line 273: Class RichTextLib.RichTextBox of control lblOfficeAddr was not a loaded control class.
Line 288: Class TDBDate6Ctl.TDBDate of control lblOpenDate was not a loaded control class.
Line 350: Class TDBDate6Ctl.TDBDate of control lblLastBill was not a loaded control class.
Line 412: Class TDBDate6Ctl.TDBDate of control lblLcAtm was not a loaded control class.
Line 474: Class TDBNumber6Ctl.TDBNumber of control lblPromPA was not a loaded control class.
Line 532: Class TDBDate6Ctl.TDBDate of control lblBD was not a loaded control class.
Line 594: Class TDBNumber6Ctl.TDBNumber of control lblLimit was not a loaded control class.
Line 652: Class TDBNumber6Ctl.TDBNumber of control lblAmount was not a loaded control class.
Line 710: Class TDBNumber6Ctl.TDBNumber of control lblTtlPay was not a loaded control class.
Line 768: Class TDBNumber6Ctl.TDBNumber of control lblLastPay was not a loaded control class.
Line 826: Class TDBDate6Ctl.TDBDate of control lblPayDt was not a loaded control class.
Line 888: Class TDBNumber6Ctl.TDBNumber of control txtAmountwo_A was not a loaded control class.
Line 946: Class TDBNumber6Ctl.TDBNumber of control txtPrinciple_A was not a loaded control class.
Line 1004: Class TDBMask6Ctl.TDBMask of control txtHomeNo2 was not a loaded control class.
Line 1060: Class TDBMask6Ctl.TDBMask of control AHome2 was not a loaded control class.
Line 1116: Class TDBMask6Ctl.TDBMask of control txtHomeNo1 was not a loaded control class.
Line 1172: Class TDBMask6Ctl.TDBMask of control AHome1 was not a loaded control class.
Line 1228: Class TDBMask6Ctl.TDBMask of control txtHomeNo1A was not a loaded control class.
Line 1285: Class TDBMask6Ctl.TDBMask of control txtHomeNo2A was not a loaded control class.
Line 1342: Class TDBMask6Ctl.TDBMask of control txtOfficeNo1 was not a loaded control class.
Line 1398: Class TDBMask6Ctl.TDBMask of control AOffice1 was not a loaded control class.
Line 1454: Class TDBMask6Ctl.TDBMask of control txtOfficeNo2 was not a loaded control class.
Line 1510: Class TDBMask6Ctl.TDBMask of control AOffice2 was not a loaded control class.
Line 1566: Class TDBMask6Ctl.TDBMask of control txtOfficeNo1A was not a loaded control class.
Line 1623: Class TDBMask6Ctl.TDBMask of control txtOfficeNo2A was not a loaded control class.
Line 1680: Class TDBMask6Ctl.TDBMask of control txtMobileNo1 was not a loaded control class.
Line 1736: Class TDBMask6Ctl.TDBMask of control txtMobileNo2 was not a loaded control class.
Line 1793: Class TDBMask6Ctl.TDBMask of control txtMobileNo1A was not a loaded control class.
Line 1850: Class TDBMask6Ctl.TDBMask of control txtMobileNo2A was not a loaded control class.
Line 1906: Class RichTextLib.RichTextBox of control TxtEC was not a loaded control class.
Line 1928: Class TDBMask6Ctl.TDBMask of control txtECno was not a loaded control class.
Line 1985: Class Threed.SSCommand of control SSCommand1 was not a loaded control class.
Line 2013: Class Threed.SSCommand of control SSCommand1 was not a loaded control class.
Line 2042: Class Threed.SSCommand of control SSCommand1 was not a loaded control class.
Line 2072: Class Threed.SSCommand of control SSCommand1 was not a loaded control class.
Line 2934: Class MSComctlLib.ListView of control LstInformation was not a loaded control class.
Line 2955: Class TabDlg.SSTab of control SSTab1 was not a loaded control class.
Line 3088: Class RichTextLib.RichTextBox of control TxtFieldName was not a loaded control class.
Line 3100: Class TDBNumber6Ctl.TDBNumber of control TDBTot_payment was not a loaded control class.
Line 3158: Class TDBDate6Ctl.TDBDate of control TdbLunas was not a loaded control class.
Line 3287: Class MSComctlLib.ListView of control LstPayment was not a loaded control class.
Line 3317: Class Threed.SSCommand of control SSCommand2 was not a loaded control class.
Line 3330: Class Threed.SSCommand of control SSCommand2 was not a loaded control class.
Line 3342: Class Threed.SSCommand of control SSCommand2 was not a loaded control class.
Line 3377: Class MSComctlLib.ListView of control listview1 was not a loaded control class.
Line 3411: Class TDBMask6Ctl.TDBMask of control txtFaxAdd1 was not a loaded control class.
Line 3467: Class TDBMask6Ctl.TDBMask of control txtFaxAdd2 was not a loaded control class.
Line 3523: Class TDBMask6Ctl.TDBMask of control AFaxAdd was not a loaded control class.
Line 3580: Class TDBMask6Ctl.TDBMask of control AFaxAdd was not a loaded control class.
Line 3637: Class MSComctlLib.ListView of control listview1 was not a loaded control class.
Line 3669: Class TDBNumber6Ctl.TDBNumber of control txtSisaHutang was not a loaded control class.
Line 3727: Class TDBNumber6Ctl.TDBNumber of control TxtAfterPay was not a loaded control class.
Line 3785: Class TDBNumber6Ctl.TDBNumber of control TxtPayment2 was not a loaded control class.
Line 3843: Class MSComctlLib.ListView of control listview1 was not a loaded control class.
Line 3875: Class MSComctlLib.ListView of control LstVisit was not a loaded control class.
Line 4485: Class TabDlg.SSTab of control Sstab2 was not a loaded control class.
Line 4639: Class TDBNumber6Ctl.TDBNumber of control TDBNumber1 was not a loaded control class.
Line 4697: Class RichTextLib.RichTextBox of control TXtDetails was not a loaded control class.
Line 4719: Class TDBDate6Ctl.TDBDate of control TDBDate2 was not a loaded control class.
Line 4782: Class TDBDate6Ctl.TDBDate of control TDBDate1 was not a loaded control class.
Line 4845: Class RichTextLib.RichTextBox of control TxtAddress was not a loaded control class.
Line 5019: Class TDBNumber6Ctl.TDBNumber of control txtPayment was not a loaded control class.
Line 5077: Class TDBDate6Ctl.TDBDate of control TdbPTP was not a loaded control class.
Line 5139: Class TDBDate6Ctl.TDBDate of control TdbDatePTP was not a loaded control class.
Line 5525: Class RichTextLib.RichTextBox of control txtRemarks was not a loaded control class.
Line 5546: Class TDBDate6Ctl.TDBDate of control cmbDateSch was not a loaded control class.
Line 5608: Class TDBTime6Ctl.TDBTime of control cmbTimeSch was not a loaded control class.
Line 5667: Class TDBMask6Ctl.TDBMask of control AOfficeAdd was not a loaded control class.
Line 5724: Class TDBMask6Ctl.TDBMask of control AOfficeAdd was not a loaded control class.
Line 5781: Class TDBMask6Ctl.TDBMask of control AHomeAdd1 was not a loaded control class.
Line 5838: Class TDBMask6Ctl.TDBMask of control AHomeAdd2 was not a loaded control class.
Line 5895: Class TDBMask6Ctl.TDBMask of control txtHomeAdd1A was not a loaded control class.
Line 5951: Class TDBMask6Ctl.TDBMask of control txtOfficeAdd1A was not a loaded control class.
Line 6007: Class TDBMask6Ctl.TDBMask of control txtMobileAdd1A was not a loaded control class.
Line 6063: Class TDBMask6Ctl.TDBMask of control txtMobileAdd2A was not a loaded control class.
Line 6119: Class TDBMask6Ctl.TDBMask of control txtHomeAdd2A was not a loaded control class.
Line 6175: Class TDBMask6Ctl.TDBMask of control txtOfficeAdd2 was not a loaded control class.
Line 6232: Class RichTextLib.RichTextBox of control AddrNow was not a loaded control class.
Line 6254: Class TDBMask6Ctl.TDBMask of control txtMobileAdd1 was not a loaded control class.
Line 6311: Class TDBMask6Ctl.TDBMask of control txtMobileAdd2 was not a loaded control class.
Line 6368: Class TDBMask6Ctl.TDBMask of control txtOfficeAdd1 was not a loaded control class.
Line 6425: Class TDBMask6Ctl.TDBMask of control txtHomeAdd1 was not a loaded control class.
Line 6482: Class TDBMask6Ctl.TDBMask of control txtHomeAdd2 was not a loaded control class.
Line 6539: Class TDBMask6Ctl.TDBMask of control txtOfficeAdd2A was not a loaded control class.
Line 6731: Class MSComctlLib.ListView of control LstDoubleId was not a loaded control class.
Line 6760: Class Threed.SSPanel of control SSPanel1 was not a loaded control class.
