Line 7184: Property Caption in TdbPTP had an invalid file reference.
Line 7194: Property DropDown in TdbPTP had an invalid file reference.
Line 7195: Property Keys in TdbPTP had an invalid file reference.
Line 7196: Property Spin in TdbPTP had an invalid file reference.
Line 7246: Property Calendar in TdbDatePTP had an invalid file reference.
Line 7247: Property Caption in TdbDatePTP had an invalid file reference.
Line 7257: Property DropDown in TdbDatePTP had an invalid file reference.
Line 7258: Property Keys in TdbDatePTP had an invalid file reference.
Line 7259: Property Spin in TdbDatePTP had an invalid file reference.
Line 7325: Property TabPicture(0) in SSTab1 had an invalid file reference.
Line 7337: Property TabPicture(1) in SSTab1 had an invalid file reference.
Line 7342: Property TabPicture(2) in SSTab1 had an invalid file reference.
Line 7346: Property TabPicture(3) in SSTab1 had an invalid file reference.
Line 7357: Property TabPicture(4) in SSTab1 had an invalid file reference.
Line 7361: Property TabPicture(5) in SSTab1 had an invalid file reference.
Line 7184: Property Caption in TdbPTP had an invalid file reference.
Line 7194: Property DropDown in TdbPTP had an invalid file reference.
Line 7195: Property Keys in TdbPTP had an invalid file reference.
Line 7196: Property Spin in TdbPTP had an invalid file reference.
Line 7246: Property Calendar in TdbDatePTP had an invalid file reference.
Line 7247: Property Caption in TdbDatePTP had an invalid file reference.
Line 7257: Property DropDown in TdbDatePTP had an invalid file reference.
Line 7258: Property Keys in TdbDatePTP had an invalid file reference.
Line 7259: Property Spin in TdbDatePTP had an invalid file reference.
Line 7325: Property TabPicture(0) in SSTab1 had an invalid file reference.
Line 7337: Property TabPicture(1) in SSTab1 had an invalid file reference.
Line 7342: Property TabPicture(2) in SSTab1 had an invalid file reference.
Line 7346: Property TabPicture(3) in SSTab1 had an invalid file reference.
Line 7357: Property TabPicture(4) in SSTab1 had an invalid file reference.
Line 7361: Property TabPicture(5) in SSTab1 had an invalid file reference.
Line 7184: Property Caption in TdbPTP had an invalid file reference.
Line 7194: Property DropDown in TdbPTP had an invalid file reference.
Line 7195: Property Keys in TdbPTP had an invalid file reference.
Line 7196: Property Spin in TdbPTP had an invalid file reference.
Line 7246: Property Calendar in TdbDatePTP had an invalid file reference.
Line 7247: Property Caption in TdbDatePTP had an invalid file reference.
Line 7257: Property DropDown in TdbDatePTP had an invalid file reference.
Line 7258: Property Keys in TdbDatePTP had an invalid file reference.
Line 7259: Property Spin in TdbDatePTP had an invalid file reference.
Line 7325: Property TabPicture(0) in SSTab1 had an invalid file reference.
Line 7337: Property TabPicture(1) in SSTab1 had an invalid file reference.
Line 7342: Property TabPicture(2) in SSTab1 had an invalid file reference.
Line 7346: Property TabPicture(3) in SSTab1 had an invalid file reference.
Line 7357: Property TabPicture(4) in SSTab1 had an invalid file reference.
Line 7361: Property TabPicture(5) in SSTab1 had an invalid file reference.
Line 7184: Property Caption in TdbPTP had an invalid file reference.
Line 7194: Property DropDown in TdbPTP had an invalid file reference.
Line 7195: Property Keys in TdbPTP had an invalid file reference.
Line 7196: Property Spin in TdbPTP had an invalid file reference.
Line 7246: Property Calendar in TdbDatePTP had an invalid file reference.
Line 7247: Property Caption in TdbDatePTP had an invalid file reference.
Line 7257: Property DropDown in TdbDatePTP had an invalid file reference.
Line 7258: Property Keys in TdbDatePTP had an invalid file reference.
Line 7259: Property Spin in TdbDatePTP had an invalid file reference.
Line 7325: Property TabPicture(0) in SSTab1 had an invalid file reference.
Line 7337: Property TabPicture(1) in SSTab1 had an invalid file reference.
Line 7342: Property TabPicture(2) in SSTab1 had an invalid file reference.
Line 7346: Property TabPicture(3) in SSTab1 had an invalid file reference.
Line 7357: Property TabPicture(4) in SSTab1 had an invalid file reference.
Line 7361: Property TabPicture(5) in SSTab1 had an invalid file reference.
Line 7184: Property Caption in TdbPTP had an invalid file reference.
Line 7194: Property DropDown in TdbPTP had an invalid file reference.
Line 7195: Property Keys in TdbPTP had an invalid file reference.
Line 7196: Property Spin in TdbPTP had an invalid file reference.
Line 7246: Property Calendar in TdbDatePTP had an invalid file reference.
Line 7247: Property Caption in TdbDatePTP had an invalid file reference.
Line 7257: Property DropDown in TdbDatePTP had an invalid file reference.
Line 7258: Property Keys in TdbDatePTP had an invalid file reference.
Line 7259: Property Spin in TdbDatePTP had an invalid file reference.
Line 7325: Property TabPicture(0) in SSTab1 had an invalid file reference.
Line 7337: Property TabPicture(1) in SSTab1 had an invalid file reference.
Line 7342: Property TabPicture(2) in SSTab1 had an invalid file reference.
Line 7346: Property TabPicture(3) in SSTab1 had an invalid file reference.
Line 7357: Property TabPicture(4) in SSTab1 had an invalid file reference.
Line 7361: Property TabPicture(5) in SSTab1 had an invalid file reference.
Line 7184: Property Caption in TdbPTP had an invalid file reference.
Line 7194: Property DropDown in TdbPTP had an invalid file reference.
Line 7195: Property Keys in TdbPTP had an invalid file reference.
Line 7196: Property Spin in TdbPTP had an invalid file reference.
Line 7246: Property Calendar in TdbDatePTP had an invalid file reference.
Line 7247: Property Caption in TdbDatePTP had an invalid file reference.
Line 7257: Property DropDown in TdbDatePTP had an invalid file reference.
Line 7258: Property Keys in TdbDatePTP had an invalid file reference.
Line 7259: Property Spin in TdbDatePTP had an invalid file reference.
Line 7325: Property TabPicture(0) in SSTab1 had an invalid file reference.
Line 7337: Property TabPicture(1) in SSTab1 had an invalid file reference.
Line 7342: Property TabPicture(2) in SSTab1 had an invalid file reference.
Line 7346: Property TabPicture(3) in SSTab1 had an invalid file reference.
Line 7357: Property TabPicture(4) in SSTab1 had an invalid file reference.
Line 7361: Property TabPicture(5) in SSTab1 had an invalid file reference.
