Line 18: Property Icon in FrmCC_Colection had an invalid file reference.
Line 71: Property Picture in Image1 had an invalid file reference.
Line 277: Property Picture in Image1 had an invalid file reference.
Line 342: Property Picture in Image1 had an invalid file reference.
Line 385: Property Picture in Image1 had an invalid file reference.
Line 428: Property Picture in Image1 had an invalid file reference.
Line 452: Property Caption in txtFaxAdd1 had an invalid file reference.
Line 462: Property Keys in txtFaxAdd1 had an invalid file reference.
Line 508: Property Caption in txtFaxAdd2 had an invalid file reference.
Line 518: Property Keys in txtFaxAdd2 had an invalid file reference.
Line 565: Property Caption in AFaxAdd had an invalid file reference.
Line 575: Property Keys in AFaxAdd had an invalid file reference.
Line 622: Property Caption in AFaxAdd had an invalid file reference.
Line 632: Property Keys in AFaxAdd had an invalid file reference.
Line 679: Property Caption in txtOfficeAdd1 had an invalid file reference.
Line 689: Property Keys in txtOfficeAdd1 had an invalid file reference.
Line 736: Property Caption in txtOfficeAdd2 had an invalid file reference.
Line 746: Property Keys in txtOfficeAdd2 had an invalid file reference.
Line 793: Property Caption in AOfficeAdd had an invalid file reference.
Line 803: Property Keys in AOfficeAdd had an invalid file reference.
Line 850: Property Caption in AOfficeAdd had an invalid file reference.
Line 860: Property Keys in AOfficeAdd had an invalid file reference.
Line 907: Property Caption in AHomeAdd1 had an invalid file reference.
Line 917: Property Keys in AHomeAdd1 had an invalid file reference.
Line 964: Property Caption in AHomeAdd2 had an invalid file reference.
Line 974: Property Keys in AHomeAdd2 had an invalid file reference.
Line 1020: Property Caption in txtOfficeAdd1A had an invalid file reference.
Line 1030: Property Keys in txtOfficeAdd1A had an invalid file reference.
Line 1076: Property Caption in txtOfficeAdd2A had an invalid file reference.
Line 1086: Property Keys in txtOfficeAdd2A had an invalid file reference.
Line 1132: Property Caption in TxtExt3 had an invalid file reference.
Line 1142: Property Keys in TxtExt3 had an invalid file reference.
Line 1188: Property Caption in TxtExt4 had an invalid file reference.
Line 1198: Property Keys in TxtExt4 had an invalid file reference.
Line 1245: Property Caption in txtMobileAdd1 had an invalid file reference.
Line 1255: Property Keys in txtMobileAdd1 had an invalid file reference.
Line 1302: Property Caption in txtMobileAdd2 had an invalid file reference.
Line 1312: Property Keys in txtMobileAdd2 had an invalid file reference.
Line 1358: Property Caption in txtMobileAdd1A had an invalid file reference.
Line 1368: Property Keys in txtMobileAdd1A had an invalid file reference.
Line 1414: Property Caption in txtMobileAdd2A had an invalid file reference.
Line 1424: Property Keys in txtMobileAdd2A had an invalid file reference.
Line 1473: Property TextRTF in AddrNow had an invalid value.
Line 1494: Property Caption in txtHomeAdd1 had an invalid file reference.
Line 1504: Property Keys in txtHomeAdd1 had an invalid file reference.
Line 1551: Property Caption in txtHomeAdd2 had an invalid file reference.
Line 1561: Property Keys in txtHomeAdd2 had an invalid file reference.
Line 1607: Property Caption in txtHomeAdd1A had an invalid file reference.
Line 1617: Property Keys in txtHomeAdd1A had an invalid file reference.
Line 1663: Property Caption in txtHomeAdd2A had an invalid file reference.
Line 1673: Property Keys in txtHomeAdd2A had an invalid file reference.
Line 1984: Property Picture in SSCommand1 had an invalid file reference.
Line 2014: Property Picture in SSCommand1 had an invalid file reference.
Line 2034: Property Picture in Image1 had an invalid file reference.
Line 2101: Property Calculator in txtSisaHutang had an invalid file reference.
Line 2102: Property Caption in txtSisaHutang had an invalid file reference.
Line 2112: Property DropDown in txtSisaHutang had an invalid file reference.
Line 2113: Property Keys in txtSisaHutang had an invalid file reference.
Line 2114: Property Spin in txtSisaHutang had an invalid file reference.
Line 2159: Property Calculator in TxtAfterPay had an invalid file reference.
Line 2160: Property Caption in TxtAfterPay had an invalid file reference.
Line 2170: Property DropDown in TxtAfterPay had an invalid file reference.
Line 2171: Property Keys in TxtAfterPay had an invalid file reference.
Line 2172: Property Spin in TxtAfterPay had an invalid file reference.
Line 2217: Property Calculator in TxtPayment2 had an invalid file reference.
Line 2218: Property Caption in TxtPayment2 had an invalid file reference.
Line 2228: Property DropDown in TxtPayment2 had an invalid file reference.
Line 2229: Property Keys in TxtPayment2 had an invalid file reference.
Line 2230: Property Spin in TxtPayment2 had an invalid file reference.
Line 2387: Property ItemData in cmbPrior had an invalid file reference.
Line 2389: Property List in cmbPrior had an invalid file reference.
Line 2477: Property ItemData in Cmbwith had an invalid file reference.
Line 2479: Property List in Cmbwith had an invalid file reference.
Line 2544: Property Picture in SSCommand2 had an invalid file reference.
Line 2559: Property Picture in SSCommand2 had an invalid file reference.
Line 2575: Property Picture in SSCommand2 had an invalid file reference.
Line 2665: Property Calendar in cmbDateSch had an invalid file reference.
Line 2666: Property Caption in cmbDateSch had an invalid file reference.
Line 2676: Property DropDown in cmbDateSch had an invalid file reference.
Line 2677: Property Keys in cmbDateSch had an invalid file reference.
Line 2678: Property Spin in cmbDateSch had an invalid file reference.
Line 2727: Property Caption in cmbTimeSch had an invalid file reference.
Line 2737: Property Keys in cmbTimeSch had an invalid file reference.
Line 2738: Property Spin in cmbTimeSch had an invalid file reference.
Line 2789: Property TextRTF in txtRemarks had an invalid value.
Line 2820: Property ItemData in cmbContacted had an invalid file reference.
Line 2822: Property List in cmbContacted had an invalid file reference.
Line 2920: Property ItemData in cbovalid had an invalid file reference.
Line 2922: Property List in cbovalid had an invalid file reference.
Line 3006: Property ItemData in CmbBaseOn had an invalid file reference.
Line 3008: Property List in CmbBaseOn had an invalid file reference.
Line 3024: Property ItemData in cmbDiscount had an invalid file reference.
Line 3026: Property List in cmbDiscount had an invalid file reference.
Line 3050: Property Calculator in txttenor had an invalid file reference.
Line 3051: Property Caption in txttenor had an invalid file reference.
Line 3061: Property DropDown in txttenor had an invalid file reference.
Line 3062: Property Keys in txttenor had an invalid file reference.
Line 3063: Property Spin in txttenor had an invalid file reference.
Line 3108: Property Calendar in TDBDate3 had an invalid file reference.
Line 3109: Property Caption in TDBDate3 had an invalid file reference.
Line 3119: Property DropDown in TDBDate3 had an invalid file reference.
Line 3120: Property Keys in TDBDate3 had an invalid file reference.
Line 3121: Property Spin in TDBDate3 had an invalid file reference.
Line 3170: Property Calculator in txtPayment had an invalid file reference.
Line 3171: Property Caption in txtPayment had an invalid file reference.
Line 3181: Property DropDown in txtPayment had an invalid file reference.
Line 3182: Property Keys in txtPayment had an invalid file reference.
Line 3183: Property Spin in txtPayment had an invalid file reference.
Line 3228: Property Calculator in Tdabamoint had an invalid file reference.
Line 3229: Property Caption in Tdabamoint had an invalid file reference.
Line 3239: Property DropDown in Tdabamoint had an invalid file reference.
Line 3240: Property Keys in Tdabamoint had an invalid file reference.
Line 3241: Property Spin in Tdabamoint had an invalid file reference.
Line 3476: Property ItemData in cboskip had an invalid file reference.
Line 3478: Property List in cboskip had an invalid file reference.
Line 3773: Property Picture in Image1 had an invalid file reference.
Line 3812: Property Picture in Image1 had an invalid file reference.
Line 3855: Property Picture in Image1 had an invalid file reference.
Line 3907: Property TextRTF in lblOfficeAddr had an invalid value.
Line 3928: Property Calendar in lblDate had an invalid file reference.
Line 3929: Property Caption in lblDate had an invalid file reference.
Line 3939: Property DropDown in lblDate had an invalid file reference.
Line 3940: Property Keys in lblDate had an invalid file reference.
Line 3941: Property Spin in lblDate had an invalid file reference.
Line 3995: Property TextRTF in lblAddr had an invalid value.
Line 4015: Property Calendar in lblOpenDate had an invalid file reference.
Line 4016: Property Caption in lblOpenDate had an invalid file reference.
Line 4026: Property DropDown in lblOpenDate had an invalid file reference.
Line 4027: Property Keys in lblOpenDate had an invalid file reference.
Line 4028: Property Spin in lblOpenDate had an invalid file reference.
Line 4077: Property Calendar in lblBD had an invalid file reference.
Line 4078: Property Caption in lblBD had an invalid file reference.
Line 4088: Property DropDown in lblBD had an invalid file reference.
Line 4089: Property Keys in lblBD had an invalid file reference.
Line 4090: Property Spin in lblBD had an invalid file reference.
Line 4139: Property Calculator in lblLimit had an invalid file reference.
Line 4140: Property Caption in lblLimit had an invalid file reference.
Line 4150: Property DropDown in lblLimit had an invalid file reference.
Line 4151: Property Keys in lblLimit had an invalid file reference.
Line 4152: Property Spin in lblLimit had an invalid file reference.
Line 4197: Property Calculator in lblAmount had an invalid file reference.
Line 4198: Property Caption in lblAmount had an invalid file reference.
Line 4208: Property DropDown in lblAmount had an invalid file reference.
Line 4209: Property Keys in lblAmount had an invalid file reference.
Line 4210: Property Spin in lblAmount had an invalid file reference.
Line 4255: Property Calculator in lblLastPay had an invalid file reference.
Line 4256: Property Caption in lblLastPay had an invalid file reference.
Line 4266: Property DropDown in lblLastPay had an invalid file reference.
Line 4267: Property Keys in lblLastPay had an invalid file reference.
Line 4268: Property Spin in lblLastPay had an invalid file reference.
Line 4313: Property Calendar in lblPayDt had an invalid file reference.
Line 4314: Property Caption in lblPayDt had an invalid file reference.
Line 4324: Property DropDown in lblPayDt had an invalid file reference.
Line 4325: Property Keys in lblPayDt had an invalid file reference.
Line 4326: Property Spin in lblPayDt had an invalid file reference.
Line 4375: Property Calculator in Woafter had an invalid file reference.
Line 4376: Property Caption in Woafter had an invalid file reference.
Line 4386: Property DropDown in Woafter had an invalid file reference.
Line 4387: Property Keys in Woafter had an invalid file reference.
Line 4388: Property Spin in Woafter had an invalid file reference.
Line 4434: Property Calculator in txtPrinciple_A had an invalid file reference.
Line 4435: Property Caption in txtPrinciple_A had an invalid file reference.
Line 4445: Property DropDown in txtPrinciple_A had an invalid file reference.
Line 4446: Property Keys in txtPrinciple_A had an invalid file reference.
Line 4447: Property Spin in txtPrinciple_A had an invalid file reference.
Line 4493: Property Calculator in LblPrompA had an invalid file reference.
Line 4494: Property Caption in LblPrompA had an invalid file reference.
Line 4504: Property DropDown in LblPrompA had an invalid file reference.
Line 4505: Property Keys in LblPrompA had an invalid file reference.
Line 4506: Property Spin in LblPrompA had an invalid file reference.
Line 5332: Property ItemData in CmbPhone had an invalid file reference.
Line 5334: Property List in CmbPhone had an invalid file reference.
Line 5349: Property Caption in txtHomeNo2 had an invalid file reference.
Line 5359: Property Keys in txtHomeNo2 had an invalid file reference.
Line 5406: Property Caption in txtOfficeNo2 had an invalid file reference.
Line 5416: Property Keys in txtOfficeNo2 had an invalid file reference.
Line 5463: Property Caption in txtMobileNo1 had an invalid file reference.
Line 5473: Property Keys in txtMobileNo1 had an invalid file reference.
Line 5520: Property Caption in txtMobileNo2 had an invalid file reference.
Line 5530: Property Keys in txtMobileNo2 had an invalid file reference.
Line 5576: Property Caption in txtHomeNo2A had an invalid file reference.
Line 5586: Property Keys in txtHomeNo2A had an invalid file reference.
Line 5632: Property Caption in txtOfficeNo2A had an invalid file reference.
Line 5642: Property Keys in txtOfficeNo2A had an invalid file reference.
Line 5688: Property Caption in txtMobileNo1A had an invalid file reference.
Line 5698: Property Keys in txtMobileNo1A had an invalid file reference.
Line 5744: Property Caption in txtMobileNo2A had an invalid file reference.
Line 5754: Property Keys in txtMobileNo2A had an invalid file reference.
Line 5800: Property Caption in TxtExt1 had an invalid file reference.
Line 5810: Property Keys in TxtExt1 had an invalid file reference.
Line 5856: Property Caption in TxtExt2 had an invalid file reference.
Line 5866: Property Keys in TxtExt2 had an invalid file reference.
Line 5912: Property Caption in txtHomeNo1A had an invalid file reference.
Line 5922: Property Keys in txtHomeNo1A had an invalid file reference.
Line 5969: Property Caption in txtOfficeNo1 had an invalid file reference.
Line 5979: Property Keys in txtOfficeNo1 had an invalid file reference.
Line 6025: Property Caption in txtOfficeNo1A had an invalid file reference.
Line 6035: Property Keys in txtOfficeNo1A had an invalid file reference.
Line 6096: Property Picture in SSCommand1 had an invalid file reference.
Line 6125: Property Picture in SSCommand1 had an invalid file reference.
Line 6139: Property Caption in AHome2 had an invalid file reference.
Line 6149: Property Keys in AHome2 had an invalid file reference.
Line 6195: Property Caption in AOffice1 had an invalid file reference.
Line 6205: Property Keys in AOffice1 had an invalid file reference.
Line 6251: Property Caption in AOffice2 had an invalid file reference.
Line 6261: Property Keys in AOffice2 had an invalid file reference.
Line 6308: Property Caption in txtHomeNo1 had an invalid file reference.
Line 6318: Property Keys in txtHomeNo1 had an invalid file reference.
Line 6364: Property Caption in AHome1 had an invalid file reference.
Line 6374: Property Keys in AHome1 had an invalid file reference.
Line 6648: Property Caption in txtECnoA had an invalid file reference.
Line 6658: Property Keys in txtECnoA had an invalid file reference.
Line 6707: Property TextRTF in TxtEC had an invalid value.
Line 6728: Property Caption in txtECno had an invalid file reference.
Line 6738: Property Keys in txtECno had an invalid file reference.
Line 6895: Property Calendar in TdbPTP had an invalid file reference.
Line 6896: Property Caption in TdbPTP had an invalid file reference.
Line 6906: Property DropDown in TdbPTP had an invalid file reference.
Line 6907: Property Keys in TdbPTP had an invalid file reference.
Line 6908: Property Spin in TdbPTP had an invalid file reference.
Line 6958: Property Calendar in TdbDatePTP had an invalid file reference.
Line 6959: Property Caption in TdbDatePTP had an invalid file reference.
Line 6969: Property DropDown in TdbDatePTP had an invalid file reference.
Line 6970: Property Keys in TdbDatePTP had an invalid file reference.
Line 6971: Property Spin in TdbDatePTP had an invalid file reference.
Line 7037: Property TabPicture(0) in SSTab1 had an invalid file reference.
Line 7049: Property TabPicture(1) in SSTab1 had an invalid file reference.
Line 7054: Property TabPicture(2) in SSTab1 had an invalid file reference.
Line 7058: Property TabPicture(3) in SSTab1 had an invalid file reference.
Line 7069: Property TabPicture(4) in SSTab1 had an invalid file reference.
Line 7073: Property TabPicture(5) in SSTab1 had an invalid file reference.
Line 7110: Property TextRTF in TxtFieldName had an invalid value.
Line 7121: Property Calculator in TDBTot_payment had an invalid file reference.
Line 7122: Property Caption in TDBTot_payment had an invalid file reference.
Line 7132: Property DropDown in TDBTot_payment had an invalid file reference.
Line 7133: Property Keys in TDBTot_payment had an invalid file reference.
Line 7134: Property Spin in TDBTot_payment had an invalid file reference.
Line 7189: Property Calendar in TdbLunas had an invalid file reference.
Line 7190: Property Caption in TdbLunas had an invalid file reference.
Line 7200: Property DropDown in TdbLunas had an invalid file reference.
Line 7201: Property Keys in TdbLunas had an invalid file reference.
Line 7202: Property Spin in TdbLunas had an invalid file reference.
Line 7326: Property Calculator in txtAmountwo_A had an invalid file reference.
Line 7327: Property Caption in txtAmountwo_A had an invalid file reference.
Line 7337: Property DropDown in txtAmountwo_A had an invalid file reference.
Line 7338: Property Keys in txtAmountwo_A had an invalid file reference.
Line 7339: Property Spin in txtAmountwo_A had an invalid file reference.
Line 7406: Property Calendar in lblLastBill had an invalid file reference.
Line 7407: Property Caption in lblLastBill had an invalid file reference.
Line 7417: Property DropDown in lblLastBill had an invalid file reference.
Line 7418: Property Keys in lblLastBill had an invalid file reference.
Line 7419: Property Spin in lblLastBill had an invalid file reference.
Line 7469: Property Calendar in lblLcAtm had an invalid file reference.
Line 7470: Property Caption in lblLcAtm had an invalid file reference.
Line 7480: Property DropDown in lblLcAtm had an invalid file reference.
Line 7481: Property Keys in lblLcAtm had an invalid file reference.
Line 7482: Property Spin in lblLcAtm had an invalid file reference.
Line 7531: Property Calculator in lblPromPA1 had an invalid file reference.
Line 7532: Property Caption in lblPromPA1 had an invalid file reference.
Line 7542: Property DropDown in lblPromPA1 had an invalid file reference.
Line 7543: Property Keys in lblPromPA1 had an invalid file reference.
Line 7544: Property Spin in lblPromPA1 had an invalid file reference.
Line 7590: Property Calculator in lblTtlPay had an invalid file reference.
Line 7591: Property Caption in lblTtlPay had an invalid file reference.
Line 7601: Property DropDown in lblTtlPay had an invalid file reference.
Line 7602: Property Keys in lblTtlPay had an invalid file reference.
Line 7603: Property Spin in lblTtlPay had an invalid file reference.
Line 8040: Property ItemData in cmbUncontacted had an invalid file reference.
Line 8042: Property List in cmbUncontacted had an invalid file reference.
Line 8058: Property ItemData in cmbDescUn had an invalid file reference.
Line 8060: Property List in cmbDescUn had an invalid file reference.
Line 8787: Property Calculator in TDBNumber1 had an invalid file reference.
Line 8788: Property Caption in TDBNumber1 had an invalid file reference.
Line 8798: Property DropDown in TDBNumber1 had an invalid file reference.
Line 8799: Property Keys in TDBNumber1 had an invalid file reference.
Line 8800: Property Spin in TDBNumber1 had an invalid file reference.
Line 8848: Property TextRTF in TXtDetails had an invalid value.
Line 8869: Property Calendar in TDBDate2 had an invalid file reference.
Line 8870: Property Caption in TDBDate2 had an invalid file reference.
Line 8880: Property DropDown in TDBDate2 had an invalid file reference.
Line 8881: Property Keys in TDBDate2 had an invalid file reference.
Line 8882: Property Spin in TDBDate2 had an invalid file reference.
Line 8932: Property Calendar in TDBDate1 had an invalid file reference.
Line 8933: Property Caption in TDBDate1 had an invalid file reference.
Line 8943: Property DropDown in TDBDate1 had an invalid file reference.
Line 8944: Property Keys in TDBDate1 had an invalid file reference.
Line 8945: Property Spin in TDBDate1 had an invalid file reference.
Line 8997: Property TextRTF in TxtAddress had an invalid value.
