Line 166: Class TabDlg.SSTab of control SSTab1 was not a loaded control class.
Line 299: Class MSDataGridLib.DataGrid of control DataGrid1 was not a loaded control class.
Line 452: Class TDBNumber6Ctl.TDBNumber of control txtPayment was not a loaded control class.
Line 510: Class TDBDate6Ctl.TDBDate of control TdbPTP was not a loaded control class.
Line 690: Class TDBMask6Ctl.TDBMask of control txtFaxAdd1 was not a loaded control class.
Line 746: Class TDBMask6Ctl.TDBMask of control txtFaxAdd2 was not a loaded control class.
Line 802: Class TDBMask6Ctl.TDBMask of control AFaxAdd was not a loaded control class.
Line 859: Class TDBMask6Ctl.TDBMask of control AFaxAdd was not a loaded control class.
Line 1095: Class TDBMask6Ctl.TDBMask of control txtHomeAdd1 was not a loaded control class.
Line 1151: Class TDBMask6Ctl.TDBMask of control txtHomeAdd2 was not a loaded control class.
Line 1207: Class TDBMask6Ctl.TDBMask of control AHomeAdd1 was not a loaded control class.
Line 1264: Class TDBMask6Ctl.TDBMask of control AHomeAdd2 was not a loaded control class.
Line 1410: Class TDBMask6Ctl.TDBMask of control txtMobileAdd1 was not a loaded control class.
Line 1466: Class TDBMask6Ctl.TDBMask of control txtMobileAdd2 was not a loaded control class.
Line 1611: Class TDBMask6Ctl.TDBMask of control txtOfficeAdd1 was not a loaded control class.
Line 1667: Class TDBMask6Ctl.TDBMask of control txtOfficeAdd2 was not a loaded control class.
Line 1723: Class TDBMask6Ctl.TDBMask of control AOfficeAdd was not a loaded control class.
Line 1780: Class TDBMask6Ctl.TDBMask of control AOfficeAdd was not a loaded control class.
Line 1965: Class RichTextLib.RichTextBox of control txtRemarks was not a loaded control class.
Line 2051: Class TDBDate6Ctl.TDBDate of control cmbDateSch was not a loaded control class.
Line 2113: Class TDBTime6Ctl.TDBTime of control cmbTimeSch was not a loaded control class.
Line 2670: Class TDBMask6Ctl.TDBMask of control txtMobileNo2 was not a loaded control class.
Line 2783: Class TDBMask6Ctl.TDBMask of control txtMobileNo1 was not a loaded control class.
Line 2896: Class TDBMask6Ctl.TDBMask of control txtOfficeNo1 was not a loaded control class.
Line 2952: Class TDBMask6Ctl.TDBMask of control AOffice1 was not a loaded control class.
Line 3065: Class TDBMask6Ctl.TDBMask of control txtOfficeNo2 was not a loaded control class.
Line 3121: Class TDBMask6Ctl.TDBMask of control AOffice2 was not a loaded control class.
Line 3234: Class TDBMask6Ctl.TDBMask of control txtHomeNo2 was not a loaded control class.
Line 3290: Class TDBMask6Ctl.TDBMask of control AHome2 was not a loaded control class.
Line 3395: Class TDBNumber6Ctl.TDBNumber of control lblAmount was not a loaded control class.
Line 3502: Class TDBNumber6Ctl.TDBNumber of control lblTtlPay was not a loaded control class.
Line 3609: Class TDBNumber6Ctl.TDBNumber of control lblLastPay was not a loaded control class.
Line 3830: Class TDBNumber6Ctl.TDBNumber of control lblLimit was not a loaded control class.
Line 4071: Class TDBDate6Ctl.TDBDate of control lblPayDt was not a loaded control class.
Line 4182: Class TDBDate6Ctl.TDBDate of control lblBD was not a loaded control class.
Line 4360: Class TDBDate6Ctl.TDBDate of control lblLastBill was not a loaded control class.
Line 4671: Class TDBDate6Ctl.TDBDate of control lblLcAtm was not a loaded control class.
Line 4849: Class TDBDate6Ctl.TDBDate of control lblDate was not a loaded control class.
Line 5161: Class TDBDate6Ctl.TDBDate of control lblOpenDate was not a loaded control class.
Line 5279: Class TDBMask6Ctl.TDBMask of control txtHomeNo1 was not a loaded control class.
Line 5335: Class TDBMask6Ctl.TDBMask of control AHome1 was not a loaded control class.
Line 5432: Class MSComctlLib.ListView of control ListView1 was not a loaded control class.
Line 5480: Class Threed.SSCommand of control SSCommand1 was not a loaded control class.
Line 5511: Class Threed.SSCommand of control SSCommand1 was not a loaded control class.
Line 5543: Class Threed.SSCommand of control SSCommand1 was not a loaded control class.
Line 172: The property name _ExtentX in SSTab1 is invalid.
Line 173: The property name _ExtentY in SSTab1 is invalid.
Line 174: The property name _Version in SSTab1 is invalid.
Line 175: The property name Tabs in SSTab1 is invalid.
Line 176: The property name TabsPerRow in SSTab1 is invalid.
Line 177: The property name TabHeight in SSTab1 is invalid.
Line 189: The property name TabCaption(0) in SSTab1 is invalid.
Line 190: The property name TabPicture(0) in SSTab1 is invalid.
Line 191: The property name Tab(0).ControlEnabled in SSTab1 is invalid.
Line 192: The property name Tab(0).Control(0) in SSTab1 is invalid.
Line 193: The property name Tab(0).Control(0).Enabled in SSTab1 is invalid.
Line 194: The property name Tab(0).Control(1) in SSTab1 is invalid.
Line 195: The property name Tab(0).Control(1).Enabled in SSTab1 is invalid.
Line 196: The property name Tab(0).Control(2) in SSTab1 is invalid.
Line 197: The property name Tab(0).Control(2).Enabled in SSTab1 is invalid.
Line 198: The property name Tab(0).Control(3) in SSTab1 is invalid.
Line 199: The property name Tab(0).Control(3).Enabled in SSTab1 is invalid.
Line 200: The property name Tab(0).Control(4) in SSTab1 is invalid.
Line 201: The property name Tab(0).Control(4).Enabled in SSTab1 is invalid.
Line 202: The property name Tab(0).Control(5) in SSTab1 is invalid.
Line 203: The property name Tab(0).Control(5).Enabled in SSTab1 is invalid.
Line 204: The property name Tab(0).Control(6) in SSTab1 is invalid.
Line 205: The property name Tab(0).Control(6).Enabled in SSTab1 is invalid.
Line 206: The property name Tab(0).Control(7) in SSTab1 is invalid.
Line 207: The property name Tab(0).Control(7).Enabled in SSTab1 is invalid.
Line 208: The property name Tab(0).Control(8) in SSTab1 is invalid.
Line 209: The property name Tab(0).Control(8).Enabled in SSTab1 is invalid.
Line 210: The property name Tab(0).Control(9) in SSTab1 is invalid.
Line 211: The property name Tab(0).Control(9).Enabled in SSTab1 is invalid.
Line 212: The property name Tab(0).Control(10) in SSTab1 is invalid.
Line 213: The property name Tab(0).Control(10).Enabled in SSTab1 is invalid.
Line 214: The property name Tab(0).Control(11) in SSTab1 is invalid.
Line 215: The property name Tab(0).Control(11).Enabled in SSTab1 is invalid.
Line 216: The property name Tab(0).Control(12) in SSTab1 is invalid.
Line 217: The property name Tab(0).Control(12).Enabled in SSTab1 is invalid.
Line 218: The property name Tab(0).Control(13) in SSTab1 is invalid.
Line 219: The property name Tab(0).Control(13).Enabled in SSTab1 is invalid.
Line 220: The property name Tab(0).Control(14) in SSTab1 is invalid.
Line 221: The property name Tab(0).Control(14).Enabled in SSTab1 is invalid.
Line 222: The property name Tab(0).Control(15) in SSTab1 is invalid.
Line 223: The property name Tab(0).Control(15).Enabled in SSTab1 is invalid.
Line 224: The property name Tab(0).Control(16) in SSTab1 is invalid.
Line 225: The property name Tab(0).Control(16).Enabled in SSTab1 is invalid.
Line 226: The property name Tab(0).Control(17) in SSTab1 is invalid.
Line 227: The property name Tab(0).Control(17).Enabled in SSTab1 is invalid.
Line 228: The property name Tab(0).Control(18) in SSTab1 is invalid.
Line 229: The property name Tab(0).Control(18).Enabled in SSTab1 is invalid.
Line 230: The property name Tab(0).Control(19) in SSTab1 is invalid.
Line 231: The property name Tab(0).Control(19).Enabled in SSTab1 is invalid.
Line 232: The property name Tab(0).Control(20) in SSTab1 is invalid.
Line 233: The property name Tab(0).Control(20).Enabled in SSTab1 is invalid.
Line 234: The property name Tab(0).Control(21) in SSTab1 is invalid.
Line 235: The property name Tab(0).Control(21).Enabled in SSTab1 is invalid.
Line 236: The property name Tab(0).Control(22) in SSTab1 is invalid.
Line 237: The property name Tab(0).Control(22).Enabled in SSTab1 is invalid.
Line 238: The property name Tab(0).Control(23) in SSTab1 is invalid.
Line 239: The property name Tab(0).Control(23).Enabled in SSTab1 is invalid.
Line 240: The property name Tab(0).Control(24) in SSTab1 is invalid.
Line 241: The property name Tab(0).Control(24).Enabled in SSTab1 is invalid.
Line 242: The property name Tab(0).Control(25) in SSTab1 is invalid.
Line 243: The property name Tab(0).Control(25).Enabled in SSTab1 is invalid.
Line 244: The property name Tab(0).Control(26) in SSTab1 is invalid.
Line 245: The property name Tab(0).Control(26).Enabled in SSTab1 is invalid.
Line 246: The property name Tab(0).Control(27) in SSTab1 is invalid.
Line 247: The property name Tab(0).Control(27).Enabled in SSTab1 is invalid.
Line 248: The property name Tab(0).Control(28) in SSTab1 is invalid.
Line 249: The property name Tab(0).Control(28).Enabled in SSTab1 is invalid.
Line 250: The property name Tab(0).Control(29) in SSTab1 is invalid.
Line 251: The property name Tab(0).Control(29).Enabled in SSTab1 is invalid.
Line 252: The property name Tab(0).Control(30) in SSTab1 is invalid.
Line 253: The property name Tab(0).Control(30).Enabled in SSTab1 is invalid.
Line 254: The property name Tab(0).Control(31) in SSTab1 is invalid.
Line 255: The property name Tab(0).Control(31).Enabled in SSTab1 is invalid.
Line 256: The property name Tab(0).Control(32) in SSTab1 is invalid.
Line 257: The property name Tab(0).Control(32).Enabled in SSTab1 is invalid.
Line 258: The property name Tab(0).Control(33) in SSTab1 is invalid.
Line 259: The property name Tab(0).Control(33).Enabled in SSTab1 is invalid.
Line 260: The property name Tab(0).Control(34) in SSTab1 is invalid.
Line 261: The property name Tab(0).Control(34).Enabled in SSTab1 is invalid.
Line 262: The property name Tab(0).Control(35) in SSTab1 is invalid.
Line 263: The property name Tab(0).Control(35).Enabled in SSTab1 is invalid.
Line 264: The property name Tab(0).Control(36) in SSTab1 is invalid.
Line 265: The property name Tab(0).Control(36).Enabled in SSTab1 is invalid.
Line 266: The property name Tab(0).ControlCount in SSTab1 is invalid.
Line 267: The property name TabCaption(1) in SSTab1 is invalid.
Line 268: The property name TabPicture(1) in SSTab1 is invalid.
Line 269: The property name Tab(1).ControlEnabled in SSTab1 is invalid.
Line 270: The property name Tab(1).Control(0) in SSTab1 is invalid.
Line 271: The property name Tab(1).Control(1) in SSTab1 is invalid.
Line 272: The property name Tab(1).Control(2) in SSTab1 is invalid.
Line 273: The property name Tab(1).Control(3) in SSTab1 is invalid.
Line 274: The property name Tab(1).Control(4) in SSTab1 is invalid.
Line 275: The property name Tab(1).Control(5) in SSTab1 is invalid.
Line 276: The property name Tab(1).Control(6) in SSTab1 is invalid.
Line 277: The property name Tab(1).Control(7) in SSTab1 is invalid.
Line 278: The property name Tab(1).Control(8) in SSTab1 is invalid.
Line 279: The property name Tab(1).ControlCount in SSTab1 is invalid.
Line 280: The property name TabCaption(2) in SSTab1 is invalid.
Line 281: The property name TabPicture(2) in SSTab1 is invalid.
Line 282: The property name Tab(2).ControlEnabled in SSTab1 is invalid.
Line 283: The property name Tab(2).Control(0) in SSTab1 is invalid.
Line 284: The property name Tab(2).ControlCount in SSTab1 is invalid.
Line 285: The property name TabCaption(3) in SSTab1 is invalid.
Line 286: The property name TabPicture(3) in SSTab1 is invalid.
Line 287: The property name Tab(3).ControlEnabled in SSTab1 is invalid.
Line 288: The property name Tab(3).Control(0) in SSTab1 is invalid.
Line 289: The property name Tab(3).Control(1) in SSTab1 is invalid.
Line 290: The property name Tab(3).Control(2) in SSTab1 is invalid.
Line 291: The property name Tab(3).Control(3) in SSTab1 is invalid.
Line 292: The property name Tab(3).Control(4) in SSTab1 is invalid.
Line 293: The property name Tab(3).Control(5) in SSTab1 is invalid.
Line 294: The property name Tab(3).Control(6) in SSTab1 is invalid.
Line 295: The property name Tab(3).Control(7) in SSTab1 is invalid.
Line 296: The property name Tab(3).Control(8) in SSTab1 is invalid.
Line 297: The property name Tab(3).Control(9) in SSTab1 is invalid.
Line 298: The property name Tab(3).ControlCount in SSTab1 is invalid.
Line 305: The property name _ExtentX in DataGrid1 is invalid.
Line 306: The property name _ExtentY in DataGrid1 is invalid.
Line 307: The property name _Version in DataGrid1 is invalid.
Line 308: The property name AllowUpdate in DataGrid1 is invalid.
Line 309: The property name AllowArrows in DataGrid1 is invalid.
Line 310: The property name HeadLines in DataGrid1 is invalid.
Line 311: The property name RowHeight in DataGrid1 is invalid.
Line 320: The property name HeadFont in DataGrid1 is invalid.
Line 330: The property name ColumnCount in DataGrid1 is invalid.
Line 343: The property name Column00 in DataGrid1 is invalid.
Line 356: The property name Column01 in DataGrid1 is invalid.
Line 357: The property name SplitCount in DataGrid1 is invalid.
Line 363: The property name Split0 in DataGrid1 is invalid.
Line 458: The property name _Version in txtPayment is invalid.
Line 459: The property name _ExtentX in txtPayment is invalid.
Line 460: The property name _ExtentY in txtPayment is invalid.
Line 461: The property name Calculator in txtPayment is invalid.
Line 462: The property name Caption in txtPayment is invalid.
Line 472: The property name DropDown in txtPayment is invalid.
Line 473: The property name Keys in txtPayment is invalid.
Line 474: The property name Spin in txtPayment is invalid.
Line 475: The property name AlignHorizontal in txtPayment is invalid.
Line 476: The property name AlignVertical in txtPayment is invalid.
Line 480: The property name BtnPositioning in txtPayment is invalid.
Line 481: The property name ClipMode in txtPayment is invalid.
Line 482: The property name ClearAction in txtPayment is invalid.
Line 483: The property name DecimalPoint in txtPayment is invalid.
Line 484: The property name DisplayFormat in txtPayment is invalid.
Line 485: The property name EditMode in txtPayment is invalid.
Line 487: The property name ErrorBeep in txtPayment is invalid.
Line 489: The property name Format in txtPayment is invalid.
Line 490: The property name HighlightText in txtPayment is invalid.
Line 491: The property name MarginBottom in txtPayment is invalid.
Line 492: The property name MarginLeft in txtPayment is invalid.
Line 493: The property name MarginRight in txtPayment is invalid.
Line 494: The property name MarginTop in txtPayment is invalid.
Line 495: The property name MaxValue in txtPayment is invalid.
Line 496: The property name MinValue in txtPayment is invalid.
Line 498: The property name MoveOnLRKey in txtPayment is invalid.
Line 499: The property name NegativeColor in txtPayment is invalid.
Line 502: The property name ReadOnly in txtPayment is invalid.
Line 503: The property name Separator in txtPayment is invalid.
Line 504: The property name ShowContextMenu in txtPayment is invalid.
Line 505: The property name ValueVT in txtPayment is invalid.
Line 506: The property name Value in txtPayment is invalid.
Line 507: The property name MaxValueVT in txtPayment is invalid.
Line 508: The property name MinValueVT in txtPayment is invalid.
Line 516: The property name _Version in TdbPTP is invalid.
Line 517: The property name _ExtentX in TdbPTP is invalid.
Line 518: The property name _ExtentY in TdbPTP is invalid.
Line 519: The property name Calendar in TdbPTP is invalid.
Line 520: The property name Caption in TdbPTP is invalid.
Line 530: The property name DropDown in TdbPTP is invalid.
Line 531: The property name Keys in TdbPTP is invalid.
Line 532: The property name Spin in TdbPTP is invalid.
Line 533: The property name AlignHorizontal in TdbPTP is invalid.
Line 534: The property name AlignVertical in TdbPTP is invalid.
Line 538: The property name BtnPositioning in TdbPTP is invalid.
Line 539: The property name ClipMode in TdbPTP is invalid.
Line 540: The property name CursorPosition in TdbPTP is invalid.
Line 541: The property name DataProperty in TdbPTP is invalid.
Line 542: The property name DisplayFormat in TdbPTP is invalid.
Line 543: The property name EditMode in TdbPTP is invalid.
Line 545: The property name ErrorBeep in TdbPTP is invalid.
Line 546: The property name FirstMonth in TdbPTP is invalid.
Line 548: The property name Format in TdbPTP is invalid.
Line 549: The property name HighlightText in TdbPTP is invalid.
Line 551: The property name MarginBottom in TdbPTP is invalid.
Line 552: The property name MarginLeft in TdbPTP is invalid.
Line 553: The property name MarginRight in TdbPTP is invalid.
Line 554: The property name MarginTop in TdbPTP is invalid.
Line 555: The property name MaxDate in TdbPTP is invalid.
Line 556: The property name MinDate in TdbPTP is invalid.
Line 558: The property name MoveOnLRKey in TdbPTP is invalid.
Line 561: The property name PromptChar in TdbPTP is invalid.
Line 562: The property name ReadOnly in TdbPTP is invalid.
Line 563: The property name ShowContextMenu in TdbPTP is invalid.
Line 564: The property name ShowLiterals in TdbPTP is invalid.
Line 565: The property name TabAction in TdbPTP is invalid.
Line 566: The property name Text in TdbPTP is invalid.
Line 567: The property name ValidateMode in TdbPTP is invalid.
Line 568: The property name ValueVT in TdbPTP is invalid.
Line 569: The property name Value in TdbPTP is invalid.
Line 570: The property name CenturyMode in TdbPTP is invalid.
Line 696: The property name _Version in txtFaxAdd1 is invalid.
Line 697: The property name _ExtentX in txtFaxAdd1 is invalid.
Line 698: The property name _ExtentY in txtFaxAdd1 is invalid.
Line 699: The property name Caption in txtFaxAdd1 is invalid.
Line 709: The property name Keys in txtFaxAdd1 is invalid.
Line 710: The property name AlignHorizontal in txtFaxAdd1 is invalid.
Line 711: The property name AlignVertical in txtFaxAdd1 is invalid.
Line 713: The property name AllowSpace in txtFaxAdd1 is invalid.
Line 714: The property name AutoConvert in txtFaxAdd1 is invalid.
Line 717: The property name ClipMode in txtFaxAdd1 is invalid.
Line 718: The property name CursorPosition in txtFaxAdd1 is invalid.
Line 719: The property name DataProperty in txtFaxAdd1 is invalid.
Line 720: The property name EditMode in txtFaxAdd1 is invalid.
Line 722: The property name ErrorBeep in txtFaxAdd1 is invalid.
Line 724: The property name Format in txtFaxAdd1 is invalid.
Line 725: The property name HighlightText in txtFaxAdd1 is invalid.
Line 727: The property name IMEStatus in txtFaxAdd1 is invalid.
Line 728: The property name LookupMode in txtFaxAdd1 is invalid.
Line 729: The property name LookupTable in txtFaxAdd1 is invalid.
Line 730: The property name MarginBottom in txtFaxAdd1 is invalid.
Line 731: The property name MarginLeft in txtFaxAdd1 is invalid.
Line 732: The property name MarginRight in txtFaxAdd1 is invalid.
Line 733: The property name MarginTop in txtFaxAdd1 is invalid.
Line 735: The property name MoveOnLRKey in txtFaxAdd1 is invalid.
Line 738: The property name PromptChar in txtFaxAdd1 is invalid.
Line 739: The property name ReadOnly in txtFaxAdd1 is invalid.
Line 740: The property name ShowContextMenu in txtFaxAdd1 is invalid.
Line 741: The property name ShowLiterals in txtFaxAdd1 is invalid.
Line 742: The property name TabAction in txtFaxAdd1 is invalid.
Line 743: The property name Text in txtFaxAdd1 is invalid.
Line 744: The property name Value in txtFaxAdd1 is invalid.
Line 752: The property name _Version in txtFaxAdd2 is invalid.
Line 753: The property name _ExtentX in txtFaxAdd2 is invalid.
Line 754: The property name _ExtentY in txtFaxAdd2 is invalid.
Line 755: The property name Caption in txtFaxAdd2 is invalid.
Line 765: The property name Keys in txtFaxAdd2 is invalid.
Line 766: The property name AlignHorizontal in txtFaxAdd2 is invalid.
Line 767: The property name AlignVertical in txtFaxAdd2 is invalid.
Line 769: The property name AllowSpace in txtFaxAdd2 is invalid.
Line 770: The property name AutoConvert in txtFaxAdd2 is invalid.
Line 773: The property name ClipMode in txtFaxAdd2 is invalid.
Line 774: The property name CursorPosition in txtFaxAdd2 is invalid.
Line 775: The property name DataProperty in txtFaxAdd2 is invalid.
Line 776: The property name EditMode in txtFaxAdd2 is invalid.
Line 778: The property name ErrorBeep in txtFaxAdd2 is invalid.
Line 780: The property name Format in txtFaxAdd2 is invalid.
Line 781: The property name HighlightText in txtFaxAdd2 is invalid.
Line 783: The property name IMEStatus in txtFaxAdd2 is invalid.
Line 784: The property name LookupMode in txtFaxAdd2 is invalid.
Line 785: The property name LookupTable in txtFaxAdd2 is invalid.
Line 786: The property name MarginBottom in txtFaxAdd2 is invalid.
Line 787: The property name MarginLeft in txtFaxAdd2 is invalid.
Line 788: The property name MarginRight in txtFaxAdd2 is invalid.
Line 789: The property name MarginTop in txtFaxAdd2 is invalid.
Line 791: The property name MoveOnLRKey in txtFaxAdd2 is invalid.
Line 794: The property name PromptChar in txtFaxAdd2 is invalid.
Line 795: The property name ReadOnly in txtFaxAdd2 is invalid.
Line 796: The property name ShowContextMenu in txtFaxAdd2 is invalid.
Line 797: The property name ShowLiterals in txtFaxAdd2 is invalid.
Line 798: The property name TabAction in txtFaxAdd2 is invalid.
Line 799: The property name Text in txtFaxAdd2 is invalid.
Line 800: The property name Value in txtFaxAdd2 is invalid.
Line 809: The property name _Version in AFaxAdd is invalid.
Line 810: The property name _ExtentX in AFaxAdd is invalid.
Line 811: The property name _ExtentY in AFaxAdd is invalid.
Line 812: The property name Caption in AFaxAdd is invalid.
Line 822: The property name Keys in AFaxAdd is invalid.
Line 823: The property name AlignHorizontal in AFaxAdd is invalid.
Line 824: The property name AlignVertical in AFaxAdd is invalid.
Line 826: The property name AllowSpace in AFaxAdd is invalid.
Line 827: The property name AutoConvert in AFaxAdd is invalid.
Line 830: The property name ClipMode in AFaxAdd is invalid.
Line 831: The property name CursorPosition in AFaxAdd is invalid.
Line 832: The property name DataProperty in AFaxAdd is invalid.
Line 833: The property name EditMode in AFaxAdd is invalid.
Line 835: The property name ErrorBeep in AFaxAdd is invalid.
Line 837: The property name Format in AFaxAdd is invalid.
Line 838: The property name HighlightText in AFaxAdd is invalid.
Line 840: The property name IMEStatus in AFaxAdd is invalid.
Line 841: The property name LookupMode in AFaxAdd is invalid.
Line 842: The property name LookupTable in AFaxAdd is invalid.
Line 843: The property name MarginBottom in AFaxAdd is invalid.
Line 844: The property name MarginLeft in AFaxAdd is invalid.
Line 845: The property name MarginRight in AFaxAdd is invalid.
Line 846: The property name MarginTop in AFaxAdd is invalid.
Line 848: The property name MoveOnLRKey in AFaxAdd is invalid.
Line 851: The property name PromptChar in AFaxAdd is invalid.
Line 852: The property name ReadOnly in AFaxAdd is invalid.
Line 853: The property name ShowContextMenu in AFaxAdd is invalid.
Line 854: The property name ShowLiterals in AFaxAdd is invalid.
Line 855: The property name TabAction in AFaxAdd is invalid.
Line 856: The property name Text in AFaxAdd is invalid.
Line 857: The property name Value in AFaxAdd is invalid.
Line 866: The property name _Version in AFaxAdd is invalid.
Line 867: The property name _ExtentX in AFaxAdd is invalid.
Line 868: The property name _ExtentY in AFaxAdd is invalid.
Line 869: The property name Caption in AFaxAdd is invalid.
Line 879: The property name Keys in AFaxAdd is invalid.
Line 880: The property name AlignHorizontal in AFaxAdd is invalid.
Line 881: The property name AlignVertical in AFaxAdd is invalid.
Line 883: The property name AllowSpace in AFaxAdd is invalid.
Line 884: The property name AutoConvert in AFaxAdd is invalid.
Line 887: The property name ClipMode in AFaxAdd is invalid.
Line 888: The property name CursorPosition in AFaxAdd is invalid.
Line 889: The property name DataProperty in AFaxAdd is invalid.
Line 890: The property name EditMode in AFaxAdd is invalid.
Line 892: The property name ErrorBeep in AFaxAdd is invalid.
Line 894: The property name Format in AFaxAdd is invalid.
Line 895: The property name HighlightText in AFaxAdd is invalid.
Line 897: The property name IMEStatus in AFaxAdd is invalid.
Line 898: The property name LookupMode in AFaxAdd is invalid.
Line 899: The property name LookupTable in AFaxAdd is invalid.
Line 900: The property name MarginBottom in AFaxAdd is invalid.
Line 901: The property name MarginLeft in AFaxAdd is invalid.
Line 902: The property name MarginRight in AFaxAdd is invalid.
Line 903: The property name MarginTop in AFaxAdd is invalid.
Line 905: The property name MoveOnLRKey in AFaxAdd is invalid.
Line 908: The property name PromptChar in AFaxAdd is invalid.
Line 909: The property name ReadOnly in AFaxAdd is invalid.
Line 910: The property name ShowContextMenu in AFaxAdd is invalid.
Line 911: The property name ShowLiterals in AFaxAdd is invalid.
Line 912: The property name TabAction in AFaxAdd is invalid.
Line 913: The property name Text in AFaxAdd is invalid.
Line 914: The property name Value in AFaxAdd is invalid.
Line 1101: The property name _Version in txtHomeAdd1 is invalid.
Line 1102: The property name _ExtentX in txtHomeAdd1 is invalid.
Line 1103: The property name _ExtentY in txtHomeAdd1 is invalid.
Line 1104: The property name Caption in txtHomeAdd1 is invalid.
Line 1114: The property name Keys in txtHomeAdd1 is invalid.
Line 1115: The property name AlignHorizontal in txtHomeAdd1 is invalid.
Line 1116: The property name AlignVertical in txtHomeAdd1 is invalid.
Line 1118: The property name AllowSpace in txtHomeAdd1 is invalid.
Line 1119: The property name AutoConvert in txtHomeAdd1 is invalid.
Line 1122: The property name ClipMode in txtHomeAdd1 is invalid.
Line 1123: The property name CursorPosition in txtHomeAdd1 is invalid.
Line 1124: The property name DataProperty in txtHomeAdd1 is invalid.
Line 1125: The property name EditMode in txtHomeAdd1 is invalid.
Line 1127: The property name ErrorBeep in txtHomeAdd1 is invalid.
Line 1129: The property name Format in txtHomeAdd1 is invalid.
Line 1130: The property name HighlightText in txtHomeAdd1 is invalid.
Line 1132: The property name IMEStatus in txtHomeAdd1 is invalid.
Line 1133: The property name LookupMode in txtHomeAdd1 is invalid.
Line 1134: The property name LookupTable in txtHomeAdd1 is invalid.
Line 1135: The property name MarginBottom in txtHomeAdd1 is invalid.
Line 1136: The property name MarginLeft in txtHomeAdd1 is invalid.
Line 1137: The property name MarginRight in txtHomeAdd1 is invalid.
Line 1138: The property name MarginTop in txtHomeAdd1 is invalid.
Line 1140: The property name MoveOnLRKey in txtHomeAdd1 is invalid.
Line 1143: The property name PromptChar in txtHomeAdd1 is invalid.
Line 1144: The property name ReadOnly in txtHomeAdd1 is invalid.
Line 1145: The property name ShowContextMenu in txtHomeAdd1 is invalid.
Line 1146: The property name ShowLiterals in txtHomeAdd1 is invalid.
Line 1147: The property name TabAction in txtHomeAdd1 is invalid.
Line 1148: The property name Text in txtHomeAdd1 is invalid.
Line 1149: The property name Value in txtHomeAdd1 is invalid.
Line 1157: The property name _Version in txtHomeAdd2 is invalid.
Line 1158: The property name _ExtentX in txtHomeAdd2 is invalid.
Line 1159: The property name _ExtentY in txtHomeAdd2 is invalid.
Line 1160: The property name Caption in txtHomeAdd2 is invalid.
Line 1170: The property name Keys in txtHomeAdd2 is invalid.
Line 1171: The property name AlignHorizontal in txtHomeAdd2 is invalid.
Line 1172: The property name AlignVertical in txtHomeAdd2 is invalid.
Line 1174: The property name AllowSpace in txtHomeAdd2 is invalid.
Line 1175: The property name AutoConvert in txtHomeAdd2 is invalid.
Line 1178: The property name ClipMode in txtHomeAdd2 is invalid.
Line 1179: The property name CursorPosition in txtHomeAdd2 is invalid.
Line 1180: The property name DataProperty in txtHomeAdd2 is invalid.
Line 1181: The property name EditMode in txtHomeAdd2 is invalid.
Line 1183: The property name ErrorBeep in txtHomeAdd2 is invalid.
Line 1185: The property name Format in txtHomeAdd2 is invalid.
Line 1186: The property name HighlightText in txtHomeAdd2 is invalid.
Line 1188: The property name IMEStatus in txtHomeAdd2 is invalid.
Line 1189: The property name LookupMode in txtHomeAdd2 is invalid.
Line 1190: The property name LookupTable in txtHomeAdd2 is invalid.
Line 1191: The property name MarginBottom in txtHomeAdd2 is invalid.
Line 1192: The property name MarginLeft in txtHomeAdd2 is invalid.
Line 1193: The property name MarginRight in txtHomeAdd2 is invalid.
Line 1194: The property name MarginTop in txtHomeAdd2 is invalid.
Line 1196: The property name MoveOnLRKey in txtHomeAdd2 is invalid.
Line 1199: The property name PromptChar in txtHomeAdd2 is invalid.
Line 1200: The property name ReadOnly in txtHomeAdd2 is invalid.
Line 1201: The property name ShowContextMenu in txtHomeAdd2 is invalid.
Line 1202: The property name ShowLiterals in txtHomeAdd2 is invalid.
Line 1203: The property name TabAction in txtHomeAdd2 is invalid.
Line 1204: The property name Text in txtHomeAdd2 is invalid.
Line 1205: The property name Value in txtHomeAdd2 is invalid.
Line 1214: The property name _Version in AHomeAdd1 is invalid.
Line 1215: The property name _ExtentX in AHomeAdd1 is invalid.
Line 1216: The property name _ExtentY in AHomeAdd1 is invalid.
Line 1217: The property name Caption in AHomeAdd1 is invalid.
Line 1227: The property name Keys in AHomeAdd1 is invalid.
Line 1228: The property name AlignHorizontal in AHomeAdd1 is invalid.
Line 1229: The property name AlignVertical in AHomeAdd1 is invalid.
Line 1231: The property name AllowSpace in AHomeAdd1 is invalid.
Line 1232: The property name AutoConvert in AHomeAdd1 is invalid.
Line 1235: The property name ClipMode in AHomeAdd1 is invalid.
Line 1236: The property name CursorPosition in AHomeAdd1 is invalid.
Line 1237: The property name DataProperty in AHomeAdd1 is invalid.
Line 1238: The property name EditMode in AHomeAdd1 is invalid.
Line 1240: The property name ErrorBeep in AHomeAdd1 is invalid.
Line 1242: The property name Format in AHomeAdd1 is invalid.
Line 1243: The property name HighlightText in AHomeAdd1 is invalid.
Line 1245: The property name IMEStatus in AHomeAdd1 is invalid.
Line 1246: The property name LookupMode in AHomeAdd1 is invalid.
Line 1247: The property name LookupTable in AHomeAdd1 is invalid.
Line 1248: The property name MarginBottom in AHomeAdd1 is invalid.
Line 1249: The property name MarginLeft in AHomeAdd1 is invalid.
Line 1250: The property name MarginRight in AHomeAdd1 is invalid.
Line 1251: The property name MarginTop in AHomeAdd1 is invalid.
Line 1253: The property name MoveOnLRKey in AHomeAdd1 is invalid.
Line 1256: The property name PromptChar in AHomeAdd1 is invalid.
Line 1257: The property name ReadOnly in AHomeAdd1 is invalid.
Line 1258: The property name ShowContextMenu in AHomeAdd1 is invalid.
Line 1259: The property name ShowLiterals in AHomeAdd1 is invalid.
Line 1260: The property name TabAction in AHomeAdd1 is invalid.
Line 1261: The property name Text in AHomeAdd1 is invalid.
Line 1262: The property name Value in AHomeAdd1 is invalid.
Line 1271: The property name _Version in AHomeAdd2 is invalid.
Line 1272: The property name _ExtentX in AHomeAdd2 is invalid.
Line 1273: The property name _ExtentY in AHomeAdd2 is invalid.
Line 1274: The property name Caption in AHomeAdd2 is invalid.
Line 1284: The property name Keys in AHomeAdd2 is invalid.
Line 1285: The property name AlignHorizontal in AHomeAdd2 is invalid.
Line 1286: The property name AlignVertical in AHomeAdd2 is invalid.
Line 1288: The property name AllowSpace in AHomeAdd2 is invalid.
Line 1289: The property name AutoConvert in AHomeAdd2 is invalid.
Line 1292: The property name ClipMode in AHomeAdd2 is invalid.
Line 1293: The property name CursorPosition in AHomeAdd2 is invalid.
Line 1294: The property name DataProperty in AHomeAdd2 is invalid.
Line 1295: The property name EditMode in AHomeAdd2 is invalid.
Line 1297: The property name ErrorBeep in AHomeAdd2 is invalid.
Line 1299: The property name Format in AHomeAdd2 is invalid.
Line 1300: The property name HighlightText in AHomeAdd2 is invalid.
Line 1302: The property name IMEStatus in AHomeAdd2 is invalid.
Line 1303: The property name LookupMode in AHomeAdd2 is invalid.
Line 1304: The property name LookupTable in AHomeAdd2 is invalid.
Line 1305: The property name MarginBottom in AHomeAdd2 is invalid.
Line 1306: The property name MarginLeft in AHomeAdd2 is invalid.
Line 1307: The property name MarginRight in AHomeAdd2 is invalid.
Line 1308: The property name MarginTop in AHomeAdd2 is invalid.
Line 1310: The property name MoveOnLRKey in AHomeAdd2 is invalid.
Line 1313: The property name PromptChar in AHomeAdd2 is invalid.
Line 1314: The property name ReadOnly in AHomeAdd2 is invalid.
Line 1315: The property name ShowContextMenu in AHomeAdd2 is invalid.
Line 1316: The property name ShowLiterals in AHomeAdd2 is invalid.
Line 1317: The property name TabAction in AHomeAdd2 is invalid.
Line 1318: The property name Text in AHomeAdd2 is invalid.
Line 1319: The property name Value in AHomeAdd2 is invalid.
Line 1416: The property name _Version in txtMobileAdd1 is invalid.
Line 1417: The property name _ExtentX in txtMobileAdd1 is invalid.
Line 1418: The property name _ExtentY in txtMobileAdd1 is invalid.
Line 1419: The property name Caption in txtMobileAdd1 is invalid.
Line 1429: The property name Keys in txtMobileAdd1 is invalid.
Line 1430: The property name AlignHorizontal in txtMobileAdd1 is invalid.
Line 1431: The property name AlignVertical in txtMobileAdd1 is invalid.
Line 1433: The property name AllowSpace in txtMobileAdd1 is invalid.
Line 1434: The property name AutoConvert in txtMobileAdd1 is invalid.
Line 1437: The property name ClipMode in txtMobileAdd1 is invalid.
Line 1438: The property name CursorPosition in txtMobileAdd1 is invalid.
Line 1439: The property name DataProperty in txtMobileAdd1 is invalid.
Line 1440: The property name EditMode in txtMobileAdd1 is invalid.
Line 1442: The property name ErrorBeep in txtMobileAdd1 is invalid.
Line 1444: The property name Format in txtMobileAdd1 is invalid.
Line 1445: The property name HighlightText in txtMobileAdd1 is invalid.
Line 1447: The property name IMEStatus in txtMobileAdd1 is invalid.
Line 1448: The property name LookupMode in txtMobileAdd1 is invalid.
Line 1449: The property name LookupTable in txtMobileAdd1 is invalid.
Line 1450: The property name MarginBottom in txtMobileAdd1 is invalid.
Line 1451: The property name MarginLeft in txtMobileAdd1 is invalid.
Line 1452: The property name MarginRight in txtMobileAdd1 is invalid.
Line 1453: The property name MarginTop in txtMobileAdd1 is invalid.
Line 1455: The property name MoveOnLRKey in txtMobileAdd1 is invalid.
Line 1458: The property name PromptChar in txtMobileAdd1 is invalid.
Line 1459: The property name ReadOnly in txtMobileAdd1 is invalid.
Line 1460: The property name ShowContextMenu in txtMobileAdd1 is invalid.
Line 1461: The property name ShowLiterals in txtMobileAdd1 is invalid.
Line 1462: The property name TabAction in txtMobileAdd1 is invalid.
Line 1463: The property name Text in txtMobileAdd1 is invalid.
Line 1464: The property name Value in txtMobileAdd1 is invalid.
Line 1472: The property name _Version in txtMobileAdd2 is invalid.
Line 1473: The property name _ExtentX in txtMobileAdd2 is invalid.
Line 1474: The property name _ExtentY in txtMobileAdd2 is invalid.
Line 1475: The property name Caption in txtMobileAdd2 is invalid.
Line 1485: The property name Keys in txtMobileAdd2 is invalid.
Line 1486: The property name AlignHorizontal in txtMobileAdd2 is invalid.
Line 1487: The property name AlignVertical in txtMobileAdd2 is invalid.
Line 1489: The property name AllowSpace in txtMobileAdd2 is invalid.
Line 1490: The property name AutoConvert in txtMobileAdd2 is invalid.
Line 1493: The property name ClipMode in txtMobileAdd2 is invalid.
Line 1494: The property name CursorPosition in txtMobileAdd2 is invalid.
Line 1495: The property name DataProperty in txtMobileAdd2 is invalid.
Line 1496: The property name EditMode in txtMobileAdd2 is invalid.
Line 1498: The property name ErrorBeep in txtMobileAdd2 is invalid.
Line 1500: The property name Format in txtMobileAdd2 is invalid.
Line 1501: The property name HighlightText in txtMobileAdd2 is invalid.
Line 1503: The property name IMEStatus in txtMobileAdd2 is invalid.
Line 1504: The property name LookupMode in txtMobileAdd2 is invalid.
Line 1505: The property name LookupTable in txtMobileAdd2 is invalid.
Line 1506: The property name MarginBottom in txtMobileAdd2 is invalid.
Line 1507: The property name MarginLeft in txtMobileAdd2 is invalid.
Line 1508: The property name MarginRight in txtMobileAdd2 is invalid.
Line 1509: The property name MarginTop in txtMobileAdd2 is invalid.
Line 1511: The property name MoveOnLRKey in txtMobileAdd2 is invalid.
Line 1514: The property name PromptChar in txtMobileAdd2 is invalid.
Line 1515: The property name ReadOnly in txtMobileAdd2 is invalid.
Line 1516: The property name ShowContextMenu in txtMobileAdd2 is invalid.
Line 1517: The property name ShowLiterals in txtMobileAdd2 is invalid.
Line 1518: The property name TabAction in txtMobileAdd2 is invalid.
Line 1519: The property name Text in txtMobileAdd2 is invalid.
Line 1520: The property name Value in txtMobileAdd2 is invalid.
Line 1617: The property name _Version in txtOfficeAdd1 is invalid.
Line 1618: The property name _ExtentX in txtOfficeAdd1 is invalid.
Line 1619: The property name _ExtentY in txtOfficeAdd1 is invalid.
Line 1620: The property name Caption in txtOfficeAdd1 is invalid.
Line 1630: The property name Keys in txtOfficeAdd1 is invalid.
Line 1631: The property name AlignHorizontal in txtOfficeAdd1 is invalid.
Line 1632: The property name AlignVertical in txtOfficeAdd1 is invalid.
Line 1634: The property name AllowSpace in txtOfficeAdd1 is invalid.
Line 1635: The property name AutoConvert in txtOfficeAdd1 is invalid.
Line 1638: The property name ClipMode in txtOfficeAdd1 is invalid.
Line 1639: The property name CursorPosition in txtOfficeAdd1 is invalid.
Line 1640: The property name DataProperty in txtOfficeAdd1 is invalid.
Line 1641: The property name EditMode in txtOfficeAdd1 is invalid.
Line 1643: The property name ErrorBeep in txtOfficeAdd1 is invalid.
Line 1645: The property name Format in txtOfficeAdd1 is invalid.
Line 1646: The property name HighlightText in txtOfficeAdd1 is invalid.
Line 1648: The property name IMEStatus in txtOfficeAdd1 is invalid.
Line 1649: The property name LookupMode in txtOfficeAdd1 is invalid.
Line 1650: The property name LookupTable in txtOfficeAdd1 is invalid.
Line 1651: The property name MarginBottom in txtOfficeAdd1 is invalid.
Line 1652: The property name MarginLeft in txtOfficeAdd1 is invalid.
Line 1653: The property name MarginRight in txtOfficeAdd1 is invalid.
Line 1654: The property name MarginTop in txtOfficeAdd1 is invalid.
Line 1656: The property name MoveOnLRKey in txtOfficeAdd1 is invalid.
Line 1659: The property name PromptChar in txtOfficeAdd1 is invalid.
Line 1660: The property name ReadOnly in txtOfficeAdd1 is invalid.
Line 1661: The property name ShowContextMenu in txtOfficeAdd1 is invalid.
Line 1662: The property name ShowLiterals in txtOfficeAdd1 is invalid.
Line 1663: The property name TabAction in txtOfficeAdd1 is invalid.
Line 1664: The property name Text in txtOfficeAdd1 is invalid.
Line 1665: The property name Value in txtOfficeAdd1 is invalid.
Line 1673: The property name _Version in txtOfficeAdd2 is invalid.
Line 1674: The property name _ExtentX in txtOfficeAdd2 is invalid.
Line 1675: The property name _ExtentY in txtOfficeAdd2 is invalid.
Line 1676: The property name Caption in txtOfficeAdd2 is invalid.
Line 1686: The property name Keys in txtOfficeAdd2 is invalid.
Line 1687: The property name AlignHorizontal in txtOfficeAdd2 is invalid.
Line 1688: The property name AlignVertical in txtOfficeAdd2 is invalid.
Line 1690: The property name AllowSpace in txtOfficeAdd2 is invalid.
Line 1691: The property name AutoConvert in txtOfficeAdd2 is invalid.
Line 1694: The property name ClipMode in txtOfficeAdd2 is invalid.
Line 1695: The property name CursorPosition in txtOfficeAdd2 is invalid.
Line 1696: The property name DataProperty in txtOfficeAdd2 is invalid.
Line 1697: The property name EditMode in txtOfficeAdd2 is invalid.
Line 1699: The property name ErrorBeep in txtOfficeAdd2 is invalid.
Line 1701: The property name Format in txtOfficeAdd2 is invalid.
Line 1702: The property name HighlightText in txtOfficeAdd2 is invalid.
Line 1704: The property name IMEStatus in txtOfficeAdd2 is invalid.
Line 1705: The property name LookupMode in txtOfficeAdd2 is invalid.
Line 1706: The property name LookupTable in txtOfficeAdd2 is invalid.
Line 1707: The property name MarginBottom in txtOfficeAdd2 is invalid.
Line 1708: The property name MarginLeft in txtOfficeAdd2 is invalid.
Line 1709: The property name MarginRight in txtOfficeAdd2 is invalid.
Line 1710: The property name MarginTop in txtOfficeAdd2 is invalid.
Line 1712: The property name MoveOnLRKey in txtOfficeAdd2 is invalid.
Line 1715: The property name PromptChar in txtOfficeAdd2 is invalid.
Line 1716: The property name ReadOnly in txtOfficeAdd2 is invalid.
Line 1717: The property name ShowContextMenu in txtOfficeAdd2 is invalid.
Line 1718: The property name ShowLiterals in txtOfficeAdd2 is invalid.
Line 1719: The property name TabAction in txtOfficeAdd2 is invalid.
Line 1720: The property name Text in txtOfficeAdd2 is invalid.
Line 1721: The property name Value in txtOfficeAdd2 is invalid.
Line 1730: The property name _Version in AOfficeAdd is invalid.
Line 1731: The property name _ExtentX in AOfficeAdd is invalid.
Line 1732: The property name _ExtentY in AOfficeAdd is invalid.
Line 1733: The property name Caption in AOfficeAdd is invalid.
Line 1743: The property name Keys in AOfficeAdd is invalid.
Line 1744: The property name AlignHorizontal in AOfficeAdd is invalid.
Line 1745: The property name AlignVertical in AOfficeAdd is invalid.
Line 1747: The property name AllowSpace in AOfficeAdd is invalid.
Line 1748: The property name AutoConvert in AOfficeAdd is invalid.
Line 1751: The property name ClipMode in AOfficeAdd is invalid.
Line 1752: The property name CursorPosition in AOfficeAdd is invalid.
Line 1753: The property name DataProperty in AOfficeAdd is invalid.
Line 1754: The property name EditMode in AOfficeAdd is invalid.
Line 1756: The property name ErrorBeep in AOfficeAdd is invalid.
Line 1758: The property name Format in AOfficeAdd is invalid.
Line 1759: The property name HighlightText in AOfficeAdd is invalid.
Line 1761: The property name IMEStatus in AOfficeAdd is invalid.
Line 1762: The property name LookupMode in AOfficeAdd is invalid.
Line 1763: The property name LookupTable in AOfficeAdd is invalid.
Line 1764: The property name MarginBottom in AOfficeAdd is invalid.
Line 1765: The property name MarginLeft in AOfficeAdd is invalid.
Line 1766: The property name MarginRight in AOfficeAdd is invalid.
Line 1767: The property name MarginTop in AOfficeAdd is invalid.
Line 1769: The property name MoveOnLRKey in AOfficeAdd is invalid.
Line 1772: The property name PromptChar in AOfficeAdd is invalid.
Line 1773: The property name ReadOnly in AOfficeAdd is invalid.
Line 1774: The property name ShowContextMenu in AOfficeAdd is invalid.
Line 1775: The property name ShowLiterals in AOfficeAdd is invalid.
Line 1776: The property name TabAction in AOfficeAdd is invalid.
Line 1777: The property name Text in AOfficeAdd is invalid.
Line 1778: The property name Value in AOfficeAdd is invalid.
Line 1787: The property name _Version in AOfficeAdd is invalid.
Line 1788: The property name _ExtentX in AOfficeAdd is invalid.
Line 1789: The property name _ExtentY in AOfficeAdd is invalid.
Line 1790: The property name Caption in AOfficeAdd is invalid.
Line 1800: The property name Keys in AOfficeAdd is invalid.
Line 1801: The property name AlignHorizontal in AOfficeAdd is invalid.
Line 1802: The property name AlignVertical in AOfficeAdd is invalid.
Line 1804: The property name AllowSpace in AOfficeAdd is invalid.
Line 1805: The property name AutoConvert in AOfficeAdd is invalid.
Line 1808: The property name ClipMode in AOfficeAdd is invalid.
Line 1809: The property name CursorPosition in AOfficeAdd is invalid.
Line 1810: The property name DataProperty in AOfficeAdd is invalid.
Line 1811: The property name EditMode in AOfficeAdd is invalid.
Line 1813: The property name ErrorBeep in AOfficeAdd is invalid.
Line 1815: The property name Format in AOfficeAdd is invalid.
Line 1816: The property name HighlightText in AOfficeAdd is invalid.
Line 1818: The property name IMEStatus in AOfficeAdd is invalid.
Line 1819: The property name LookupMode in AOfficeAdd is invalid.
Line 1820: The property name LookupTable in AOfficeAdd is invalid.
Line 1821: The property name MarginBottom in AOfficeAdd is invalid.
Line 1822: The property name MarginLeft in AOfficeAdd is invalid.
Line 1823: The property name MarginRight in AOfficeAdd is invalid.
Line 1824: The property name MarginTop in AOfficeAdd is invalid.
Line 1826: The property name MoveOnLRKey in AOfficeAdd is invalid.
Line 1829: The property name PromptChar in AOfficeAdd is invalid.
Line 1830: The property name ReadOnly in AOfficeAdd is invalid.
Line 1831: The property name ShowContextMenu in AOfficeAdd is invalid.
Line 1832: The property name ShowLiterals in AOfficeAdd is invalid.
Line 1833: The property name TabAction in AOfficeAdd is invalid.
Line 1834: The property name Text in AOfficeAdd is invalid.
Line 1835: The property name Value in AOfficeAdd is invalid.
Line 1971: The property name _ExtentX in txtRemarks is invalid.
Line 1972: The property name _ExtentY in txtRemarks is invalid.
Line 1973: The property name _Version in txtRemarks is invalid.
Line 1974: The property name TextRTF in txtRemarks is invalid.
Line 2057: The property name _Version in cmbDateSch is invalid.
Line 2058: The property name _ExtentX in cmbDateSch is invalid.
Line 2059: The property name _ExtentY in cmbDateSch is invalid.
Line 2060: The property name Calendar in cmbDateSch is invalid.
Line 2061: The property name Caption in cmbDateSch is invalid.
Line 2071: The property name DropDown in cmbDateSch is invalid.
Line 2072: The property name Keys in cmbDateSch is invalid.
Line 2073: The property name Spin in cmbDateSch is invalid.
Line 2074: The property name AlignHorizontal in cmbDateSch is invalid.
Line 2075: The property name AlignVertical in cmbDateSch is invalid.
Line 2079: The property name BtnPositioning in cmbDateSch is invalid.
Line 2080: The property name ClipMode in cmbDateSch is invalid.
Line 2081: The property name CursorPosition in cmbDateSch is invalid.
Line 2082: The property name DataProperty in cmbDateSch is invalid.
Line 2083: The property name DisplayFormat in cmbDateSch is invalid.
Line 2084: The property name EditMode in cmbDateSch is invalid.
Line 2086: The property name ErrorBeep in cmbDateSch is invalid.
Line 2087: The property name FirstMonth in cmbDateSch is invalid.
Line 2089: The property name Format in cmbDateSch is invalid.
Line 2090: The property name HighlightText in cmbDateSch is invalid.
Line 2092: The property name MarginBottom in cmbDateSch is invalid.
Line 2093: The property name MarginLeft in cmbDateSch is invalid.
Line 2094: The property name MarginRight in cmbDateSch is invalid.
Line 2095: The property name MarginTop in cmbDateSch is invalid.
Line 2096: The property name MaxDate in cmbDateSch is invalid.
Line 2097: The property name MinDate in cmbDateSch is invalid.
Line 2099: The property name MoveOnLRKey in cmbDateSch is invalid.
Line 2102: The property name PromptChar in cmbDateSch is invalid.
Line 2103: The property name ReadOnly in cmbDateSch is invalid.
Line 2104: The property name ShowContextMenu in cmbDateSch is invalid.
Line 2105: The property name ShowLiterals in cmbDateSch is invalid.
Line 2106: The property name TabAction in cmbDateSch is invalid.
Line 2107: The property name Text in cmbDateSch is invalid.
Line 2108: The property name ValidateMode in cmbDateSch is invalid.
Line 2109: The property name ValueVT in cmbDateSch is invalid.
Line 2110: The property name Value in cmbDateSch is invalid.
Line 2111: The property name CenturyMode in cmbDateSch is invalid.
Line 2119: The property name _Version in cmbTimeSch is invalid.
Line 2120: The property name _ExtentX in cmbTimeSch is invalid.
Line 2121: The property name _ExtentY in cmbTimeSch is invalid.
Line 2122: The property name Caption in cmbTimeSch is invalid.
Line 2132: The property name Keys in cmbTimeSch is invalid.
Line 2133: The property name Spin in cmbTimeSch is invalid.
Line 2134: The property name AlignHorizontal in cmbTimeSch is invalid.
Line 2135: The property name AlignVertical in cmbTimeSch is invalid.
Line 2139: The property name ClipMode in cmbTimeSch is invalid.
Line 2140: The property name CursorPosition in cmbTimeSch is invalid.
Line 2141: The property name DataProperty in cmbTimeSch is invalid.
Line 2142: The property name DisplayFormat in cmbTimeSch is invalid.
Line 2143: The property name EditMode in cmbTimeSch is invalid.
Line 2145: The property name ErrorBeep in cmbTimeSch is invalid.
Line 2147: The property name Format in cmbTimeSch is invalid.
Line 2148: The property name HighlightText in cmbTimeSch is invalid.
Line 2149: The property name Hour12Mode in cmbTimeSch is invalid.
Line 2151: The property name MarginBottom in cmbTimeSch is invalid.
Line 2152: The property name MarginLeft in cmbTimeSch is invalid.
Line 2153: The property name MarginRight in cmbTimeSch is invalid.
Line 2154: The property name MarginTop in cmbTimeSch is invalid.
Line 2155: The property name MaxTime in cmbTimeSch is invalid.
Line 2156: The property name MidnightMode in cmbTimeSch is invalid.
Line 2157: The property name MinTime in cmbTimeSch is invalid.
Line 2159: The property name MoveOnLRKey in cmbTimeSch is invalid.
Line 2162: The property name PromptChar in cmbTimeSch is invalid.
Line 2163: The property name ReadOnly in cmbTimeSch is invalid.
Line 2164: The property name ShowContextMenu in cmbTimeSch is invalid.
Line 2165: The property name ShowLiterals in cmbTimeSch is invalid.
Line 2166: The property name TabAction in cmbTimeSch is invalid.
Line 2167: The property name Text in cmbTimeSch is invalid.
Line 2168: The property name ValidateMode in cmbTimeSch is invalid.
Line 2169: The property name ValueVT in cmbTimeSch is invalid.
Line 2170: The property name Value in cmbTimeSch is invalid.
Line 2676: The property name _Version in txtMobileNo2 is invalid.
Line 2677: The property name _ExtentX in txtMobileNo2 is invalid.
Line 2678: The property name _ExtentY in txtMobileNo2 is invalid.
Line 2679: The property name Caption in txtMobileNo2 is invalid.
Line 2689: The property name Keys in txtMobileNo2 is invalid.
Line 2690: The property name AlignHorizontal in txtMobileNo2 is invalid.
Line 2691: The property name AlignVertical in txtMobileNo2 is invalid.
Line 2693: The property name AllowSpace in txtMobileNo2 is invalid.
Line 2694: The property name AutoConvert in txtMobileNo2 is invalid.
Line 2697: The property name ClipMode in txtMobileNo2 is invalid.
Line 2698: The property name CursorPosition in txtMobileNo2 is invalid.
Line 2699: The property name DataProperty in txtMobileNo2 is invalid.
Line 2700: The property name EditMode in txtMobileNo2 is invalid.
Line 2702: The property name ErrorBeep in txtMobileNo2 is invalid.
Line 2704: The property name Format in txtMobileNo2 is invalid.
Line 2705: The property name HighlightText in txtMobileNo2 is invalid.
Line 2707: The property name IMEStatus in txtMobileNo2 is invalid.
Line 2708: The property name LookupMode in txtMobileNo2 is invalid.
Line 2709: The property name LookupTable in txtMobileNo2 is invalid.
Line 2710: The property name MarginBottom in txtMobileNo2 is invalid.
Line 2711: The property name MarginLeft in txtMobileNo2 is invalid.
Line 2712: The property name MarginRight in txtMobileNo2 is invalid.
Line 2713: The property name MarginTop in txtMobileNo2 is invalid.
Line 2715: The property name MoveOnLRKey in txtMobileNo2 is invalid.
Line 2718: The property name PromptChar in txtMobileNo2 is invalid.
Line 2719: The property name ReadOnly in txtMobileNo2 is invalid.
Line 2720: The property name ShowContextMenu in txtMobileNo2 is invalid.
Line 2721: The property name ShowLiterals in txtMobileNo2 is invalid.
Line 2722: The property name TabAction in txtMobileNo2 is invalid.
Line 2723: The property name Text in txtMobileNo2 is invalid.
Line 2724: The property name Value in txtMobileNo2 is invalid.
Line 2789: The property name _Version in txtMobileNo1 is invalid.
Line 2790: The property name _ExtentX in txtMobileNo1 is invalid.
Line 2791: The property name _ExtentY in txtMobileNo1 is invalid.
Line 2792: The property name Caption in txtMobileNo1 is invalid.
Line 2802: The property name Keys in txtMobileNo1 is invalid.
Line 2803: The property name AlignHorizontal in txtMobileNo1 is invalid.
Line 2804: The property name AlignVertical in txtMobileNo1 is invalid.
Line 2806: The property name AllowSpace in txtMobileNo1 is invalid.
Line 2807: The property name AutoConvert in txtMobileNo1 is invalid.
Line 2810: The property name ClipMode in txtMobileNo1 is invalid.
Line 2811: The property name CursorPosition in txtMobileNo1 is invalid.
Line 2812: The property name DataProperty in txtMobileNo1 is invalid.
Line 2813: The property name EditMode in txtMobileNo1 is invalid.
Line 2815: The property name ErrorBeep in txtMobileNo1 is invalid.
Line 2817: The property name Format in txtMobileNo1 is invalid.
Line 2818: The property name HighlightText in txtMobileNo1 is invalid.
Line 2820: The property name IMEStatus in txtMobileNo1 is invalid.
Line 2821: The property name LookupMode in txtMobileNo1 is invalid.
Line 2822: The property name LookupTable in txtMobileNo1 is invalid.
Line 2823: The property name MarginBottom in txtMobileNo1 is invalid.
Line 2824: The property name MarginLeft in txtMobileNo1 is invalid.
Line 2825: The property name MarginRight in txtMobileNo1 is invalid.
Line 2826: The property name MarginTop in txtMobileNo1 is invalid.
Line 2828: The property name MoveOnLRKey in txtMobileNo1 is invalid.
Line 2831: The property name PromptChar in txtMobileNo1 is invalid.
Line 2832: The property name ReadOnly in txtMobileNo1 is invalid.
Line 2833: The property name ShowContextMenu in txtMobileNo1 is invalid.
Line 2834: The property name ShowLiterals in txtMobileNo1 is invalid.
Line 2835: The property name TabAction in txtMobileNo1 is invalid.
Line 2836: The property name Text in txtMobileNo1 is invalid.
Line 2837: The property name Value in txtMobileNo1 is invalid.
Line 2902: The property name _Version in txtOfficeNo1 is invalid.
Line 2903: The property name _ExtentX in txtOfficeNo1 is invalid.
Line 2904: The property name _ExtentY in txtOfficeNo1 is invalid.
Line 2905: The property name Caption in txtOfficeNo1 is invalid.
Line 2915: The property name Keys in txtOfficeNo1 is invalid.
Line 2916: The property name AlignHorizontal in txtOfficeNo1 is invalid.
Line 2917: The property name AlignVertical in txtOfficeNo1 is invalid.
Line 2919: The property name AllowSpace in txtOfficeNo1 is invalid.
Line 2920: The property name AutoConvert in txtOfficeNo1 is invalid.
Line 2923: The property name ClipMode in txtOfficeNo1 is invalid.
Line 2924: The property name CursorPosition in txtOfficeNo1 is invalid.
Line 2925: The property name DataProperty in txtOfficeNo1 is invalid.
Line 2926: The property name EditMode in txtOfficeNo1 is invalid.
Line 2928: The property name ErrorBeep in txtOfficeNo1 is invalid.
Line 2930: The property name Format in txtOfficeNo1 is invalid.
Line 2931: The property name HighlightText in txtOfficeNo1 is invalid.
Line 2933: The property name IMEStatus in txtOfficeNo1 is invalid.
Line 2934: The property name LookupMode in txtOfficeNo1 is invalid.
Line 2935: The property name LookupTable in txtOfficeNo1 is invalid.
Line 2936: The property name MarginBottom in txtOfficeNo1 is invalid.
Line 2937: The property name MarginLeft in txtOfficeNo1 is invalid.
Line 2938: The property name MarginRight in txtOfficeNo1 is invalid.
Line 2939: The property name MarginTop in txtOfficeNo1 is invalid.
Line 2941: The property name MoveOnLRKey in txtOfficeNo1 is invalid.
Line 2944: The property name PromptChar in txtOfficeNo1 is invalid.
Line 2945: The property name ReadOnly in txtOfficeNo1 is invalid.
Line 2946: The property name ShowContextMenu in txtOfficeNo1 is invalid.
Line 2947: The property name ShowLiterals in txtOfficeNo1 is invalid.
Line 2948: The property name TabAction in txtOfficeNo1 is invalid.
Line 2949: The property name Text in txtOfficeNo1 is invalid.
Line 2950: The property name Value in txtOfficeNo1 is invalid.
Line 2958: The property name _Version in AOffice1 is invalid.
Line 2959: The property name _ExtentX in AOffice1 is invalid.
Line 2960: The property name _ExtentY in AOffice1 is invalid.
Line 2961: The property name Caption in AOffice1 is invalid.
Line 2971: The property name Keys in AOffice1 is invalid.
Line 2972: The property name AlignHorizontal in AOffice1 is invalid.
Line 2973: The property name AlignVertical in AOffice1 is invalid.
Line 2975: The property name AllowSpace in AOffice1 is invalid.
Line 2976: The property name AutoConvert in AOffice1 is invalid.
Line 2979: The property name ClipMode in AOffice1 is invalid.
Line 2980: The property name CursorPosition in AOffice1 is invalid.
Line 2981: The property name DataProperty in AOffice1 is invalid.
Line 2982: The property name EditMode in AOffice1 is invalid.
Line 2984: The property name ErrorBeep in AOffice1 is invalid.
Line 2986: The property name Format in AOffice1 is invalid.
Line 2987: The property name HighlightText in AOffice1 is invalid.
Line 2989: The property name IMEStatus in AOffice1 is invalid.
Line 2990: The property name LookupMode in AOffice1 is invalid.
Line 2991: The property name LookupTable in AOffice1 is invalid.
Line 2992: The property name MarginBottom in AOffice1 is invalid.
Line 2993: The property name MarginLeft in AOffice1 is invalid.
Line 2994: The property name MarginRight in AOffice1 is invalid.
Line 2995: The property name MarginTop in AOffice1 is invalid.
Line 2997: The property name MoveOnLRKey in AOffice1 is invalid.
Line 3000: The property name PromptChar in AOffice1 is invalid.
Line 3001: The property name ReadOnly in AOffice1 is invalid.
Line 3002: The property name ShowContextMenu in AOffice1 is invalid.
Line 3003: The property name ShowLiterals in AOffice1 is invalid.
Line 3004: The property name TabAction in AOffice1 is invalid.
Line 3005: The property name Text in AOffice1 is invalid.
Line 3006: The property name Value in AOffice1 is invalid.
Line 3071: The property name _Version in txtOfficeNo2 is invalid.
Line 3072: The property name _ExtentX in txtOfficeNo2 is invalid.
Line 3073: The property name _ExtentY in txtOfficeNo2 is invalid.
Line 3074: The property name Caption in txtOfficeNo2 is invalid.
Line 3084: The property name Keys in txtOfficeNo2 is invalid.
Line 3085: The property name AlignHorizontal in txtOfficeNo2 is invalid.
Line 3086: The property name AlignVertical in txtOfficeNo2 is invalid.
Line 3088: The property name AllowSpace in txtOfficeNo2 is invalid.
Line 3089: The property name AutoConvert in txtOfficeNo2 is invalid.
Line 3092: The property name ClipMode in txtOfficeNo2 is invalid.
Line 3093: The property name CursorPosition in txtOfficeNo2 is invalid.
Line 3094: The property name DataProperty in txtOfficeNo2 is invalid.
Line 3095: The property name EditMode in txtOfficeNo2 is invalid.
Line 3097: The property name ErrorBeep in txtOfficeNo2 is invalid.
Line 3099: The property name Format in txtOfficeNo2 is invalid.
Line 3100: The property name HighlightText in txtOfficeNo2 is invalid.
Line 3102: The property name IMEStatus in txtOfficeNo2 is invalid.
Line 3103: The property name LookupMode in txtOfficeNo2 is invalid.
Line 3104: The property name LookupTable in txtOfficeNo2 is invalid.
Line 3105: The property name MarginBottom in txtOfficeNo2 is invalid.
Line 3106: The property name MarginLeft in txtOfficeNo2 is invalid.
Line 3107: The property name MarginRight in txtOfficeNo2 is invalid.
Line 3108: The property name MarginTop in txtOfficeNo2 is invalid.
Line 3110: The property name MoveOnLRKey in txtOfficeNo2 is invalid.
Line 3113: The property name PromptChar in txtOfficeNo2 is invalid.
Line 3114: The property name ReadOnly in txtOfficeNo2 is invalid.
Line 3115: The property name ShowContextMenu in txtOfficeNo2 is invalid.
Line 3116: The property name ShowLiterals in txtOfficeNo2 is invalid.
Line 3117: The property name TabAction in txtOfficeNo2 is invalid.
Line 3118: The property name Text in txtOfficeNo2 is invalid.
Line 3119: The property name Value in txtOfficeNo2 is invalid.
Line 3127: The property name _Version in AOffice2 is invalid.
Line 3128: The property name _ExtentX in AOffice2 is invalid.
Line 3129: The property name _ExtentY in AOffice2 is invalid.
Line 3130: The property name Caption in AOffice2 is invalid.
Line 3140: The property name Keys in AOffice2 is invalid.
Line 3141: The property name AlignHorizontal in AOffice2 is invalid.
Line 3142: The property name AlignVertical in AOffice2 is invalid.
Line 3144: The property name AllowSpace in AOffice2 is invalid.
Line 3145: The property name AutoConvert in AOffice2 is invalid.
Line 3148: The property name ClipMode in AOffice2 is invalid.
Line 3149: The property name CursorPosition in AOffice2 is invalid.
Line 3150: The property name DataProperty in AOffice2 is invalid.
Line 3151: The property name EditMode in AOffice2 is invalid.
Line 3153: The property name ErrorBeep in AOffice2 is invalid.
Line 3155: The property name Format in AOffice2 is invalid.
Line 3156: The property name HighlightText in AOffice2 is invalid.
Line 3158: The property name IMEStatus in AOffice2 is invalid.
Line 3159: The property name LookupMode in AOffice2 is invalid.
Line 3160: The property name LookupTable in AOffice2 is invalid.
Line 3161: The property name MarginBottom in AOffice2 is invalid.
Line 3162: The property name MarginLeft in AOffice2 is invalid.
Line 3163: The property name MarginRight in AOffice2 is invalid.
Line 3164: The property name MarginTop in AOffice2 is invalid.
Line 3166: The property name MoveOnLRKey in AOffice2 is invalid.
Line 3169: The property name PromptChar in AOffice2 is invalid.
Line 3170: The property name ReadOnly in AOffice2 is invalid.
Line 3171: The property name ShowContextMenu in AOffice2 is invalid.
Line 3172: The property name ShowLiterals in AOffice2 is invalid.
Line 3173: The property name TabAction in AOffice2 is invalid.
Line 3174: The property name Text in AOffice2 is invalid.
Line 3175: The property name Value in AOffice2 is invalid.
Line 3240: The property name _Version in txtHomeNo2 is invalid.
Line 3241: The property name _ExtentX in txtHomeNo2 is invalid.
Line 3242: The property name _ExtentY in txtHomeNo2 is invalid.
Line 3243: The property name Caption in txtHomeNo2 is invalid.
Line 3253: The property name Keys in txtHomeNo2 is invalid.
Line 3254: The property name AlignHorizontal in txtHomeNo2 is invalid.
Line 3255: The property name AlignVertical in txtHomeNo2 is invalid.
Line 3257: The property name AllowSpace in txtHomeNo2 is invalid.
Line 3258: The property name AutoConvert in txtHomeNo2 is invalid.
Line 3261: The property name ClipMode in txtHomeNo2 is invalid.
Line 3262: The property name CursorPosition in txtHomeNo2 is invalid.
Line 3263: The property name DataProperty in txtHomeNo2 is invalid.
Line 3264: The property name EditMode in txtHomeNo2 is invalid.
Line 3266: The property name ErrorBeep in txtHomeNo2 is invalid.
Line 3268: The property name Format in txtHomeNo2 is invalid.
Line 3269: The property name HighlightText in txtHomeNo2 is invalid.
Line 3271: The property name IMEStatus in txtHomeNo2 is invalid.
Line 3272: The property name LookupMode in txtHomeNo2 is invalid.
Line 3273: The property name LookupTable in txtHomeNo2 is invalid.
Line 3274: The property name MarginBottom in txtHomeNo2 is invalid.
Line 3275: The property name MarginLeft in txtHomeNo2 is invalid.
Line 3276: The property name MarginRight in txtHomeNo2 is invalid.
Line 3277: The property name MarginTop in txtHomeNo2 is invalid.
Line 3279: The property name MoveOnLRKey in txtHomeNo2 is invalid.
Line 3282: The property name PromptChar in txtHomeNo2 is invalid.
Line 3283: The property name ReadOnly in txtHomeNo2 is invalid.
Line 3284: The property name ShowContextMenu in txtHomeNo2 is invalid.
Line 3285: The property name ShowLiterals in txtHomeNo2 is invalid.
Line 3286: The property name TabAction in txtHomeNo2 is invalid.
Line 3287: The property name Text in txtHomeNo2 is invalid.
Line 3288: The property name Value in txtHomeNo2 is invalid.
Line 3296: The property name _Version in AHome2 is invalid.
Line 3297: The property name _ExtentX in AHome2 is invalid.
Line 3298: The property name _ExtentY in AHome2 is invalid.
Line 3299: The property name Caption in AHome2 is invalid.
Line 3309: The property name Keys in AHome2 is invalid.
Line 3310: The property name AlignHorizontal in AHome2 is invalid.
Line 3311: The property name AlignVertical in AHome2 is invalid.
Line 3313: The property name AllowSpace in AHome2 is invalid.
Line 3314: The property name AutoConvert in AHome2 is invalid.
Line 3317: The property name ClipMode in AHome2 is invalid.
Line 3318: The property name CursorPosition in AHome2 is invalid.
Line 3319: The property name DataProperty in AHome2 is invalid.
Line 3320: The property name EditMode in AHome2 is invalid.
Line 3322: The property name ErrorBeep in AHome2 is invalid.
Line 3324: The property name Format in AHome2 is invalid.
Line 3325: The property name HighlightText in AHome2 is invalid.
Line 3327: The property name IMEStatus in AHome2 is invalid.
Line 3328: The property name LookupMode in AHome2 is invalid.
Line 3329: The property name LookupTable in AHome2 is invalid.
Line 3330: The property name MarginBottom in AHome2 is invalid.
Line 3331: The property name MarginLeft in AHome2 is invalid.
Line 3332: The property name MarginRight in AHome2 is invalid.
Line 3333: The property name MarginTop in AHome2 is invalid.
Line 3335: The property name MoveOnLRKey in AHome2 is invalid.
Line 3338: The property name PromptChar in AHome2 is invalid.
Line 3339: The property name ReadOnly in AHome2 is invalid.
Line 3340: The property name ShowContextMenu in AHome2 is invalid.
Line 3341: The property name ShowLiterals in AHome2 is invalid.
Line 3342: The property name TabAction in AHome2 is invalid.
Line 3343: The property name Text in AHome2 is invalid.
Line 3344: The property name Value in AHome2 is invalid.
Line 3401: The property name _Version in lblAmount is invalid.
Line 3402: The property name _ExtentX in lblAmount is invalid.
Line 3403: The property name _ExtentY in lblAmount is invalid.
Line 3404: The property name Calculator in lblAmount is invalid.
Line 3405: The property name Caption in lblAmount is invalid.
Line 3415: The property name DropDown in lblAmount is invalid.
Line 3416: The property name Keys in lblAmount is invalid.
Line 3417: The property name Spin in lblAmount is invalid.
Line 3418: The property name AlignHorizontal in lblAmount is invalid.
Line 3419: The property name AlignVertical in lblAmount is invalid.
Line 3423: The property name BtnPositioning in lblAmount is invalid.
Line 3424: The property name ClipMode in lblAmount is invalid.
Line 3425: The property name ClearAction in lblAmount is invalid.
Line 3426: The property name DecimalPoint in lblAmount is invalid.
Line 3427: The property name DisplayFormat in lblAmount is invalid.
Line 3428: The property name EditMode in lblAmount is invalid.
Line 3430: The property name ErrorBeep in lblAmount is invalid.
Line 3432: The property name Format in lblAmount is invalid.
Line 3433: The property name HighlightText in lblAmount is invalid.
Line 3434: The property name MarginBottom in lblAmount is invalid.
Line 3435: The property name MarginLeft in lblAmount is invalid.
Line 3436: The property name MarginRight in lblAmount is invalid.
Line 3437: The property name MarginTop in lblAmount is invalid.
Line 3438: The property name MaxValue in lblAmount is invalid.
Line 3439: The property name MinValue in lblAmount is invalid.
Line 3441: The property name MoveOnLRKey in lblAmount is invalid.
Line 3442: The property name NegativeColor in lblAmount is invalid.
Line 3445: The property name ReadOnly in lblAmount is invalid.
Line 3446: The property name Separator in lblAmount is invalid.
Line 3447: The property name ShowContextMenu in lblAmount is invalid.
Line 3448: The property name ValueVT in lblAmount is invalid.
Line 3449: The property name Value in lblAmount is invalid.
Line 3450: The property name MaxValueVT in lblAmount is invalid.
Line 3451: The property name MinValueVT in lblAmount is invalid.
Line 3508: The property name _Version in lblTtlPay is invalid.
Line 3509: The property name _ExtentX in lblTtlPay is invalid.
Line 3510: The property name _ExtentY in lblTtlPay is invalid.
Line 3511: The property name Calculator in lblTtlPay is invalid.
Line 3512: The property name Caption in lblTtlPay is invalid.
Line 3522: The property name DropDown in lblTtlPay is invalid.
Line 3523: The property name Keys in lblTtlPay is invalid.
Line 3524: The property name Spin in lblTtlPay is invalid.
Line 3525: The property name AlignHorizontal in lblTtlPay is invalid.
Line 3526: The property name AlignVertical in lblTtlPay is invalid.
Line 3530: The property name BtnPositioning in lblTtlPay is invalid.
Line 3531: The property name ClipMode in lblTtlPay is invalid.
Line 3532: The property name ClearAction in lblTtlPay is invalid.
Line 3533: The property name DecimalPoint in lblTtlPay is invalid.
Line 3534: The property name DisplayFormat in lblTtlPay is invalid.
Line 3535: The property name EditMode in lblTtlPay is invalid.
Line 3537: The property name ErrorBeep in lblTtlPay is invalid.
Line 3539: The property name Format in lblTtlPay is invalid.
Line 3540: The property name HighlightText in lblTtlPay is invalid.
Line 3541: The property name MarginBottom in lblTtlPay is invalid.
Line 3542: The property name MarginLeft in lblTtlPay is invalid.
Line 3543: The property name MarginRight in lblTtlPay is invalid.
Line 3544: The property name MarginTop in lblTtlPay is invalid.
Line 3545: The property name MaxValue in lblTtlPay is invalid.
Line 3546: The property name MinValue in lblTtlPay is invalid.
Line 3548: The property name MoveOnLRKey in lblTtlPay is invalid.
Line 3549: The property name NegativeColor in lblTtlPay is invalid.
Line 3552: The property name ReadOnly in lblTtlPay is invalid.
Line 3553: The property name Separator in lblTtlPay is invalid.
Line 3554: The property name ShowContextMenu in lblTtlPay is invalid.
Line 3555: The property name ValueVT in lblTtlPay is invalid.
Line 3556: The property name Value in lblTtlPay is invalid.
Line 3557: The property name MaxValueVT in lblTtlPay is invalid.
Line 3558: The property name MinValueVT in lblTtlPay is invalid.
Line 3615: The property name _Version in lblLastPay is invalid.
Line 3616: The property name _ExtentX in lblLastPay is invalid.
Line 3617: The property name _ExtentY in lblLastPay is invalid.
Line 3618: The property name Calculator in lblLastPay is invalid.
Line 3619: The property name Caption in lblLastPay is invalid.
Line 3629: The property name DropDown in lblLastPay is invalid.
Line 3630: The property name Keys in lblLastPay is invalid.
Line 3631: The property name Spin in lblLastPay is invalid.
Line 3632: The property name AlignHorizontal in lblLastPay is invalid.
Line 3633: The property name AlignVertical in lblLastPay is invalid.
Line 3637: The property name BtnPositioning in lblLastPay is invalid.
Line 3638: The property name ClipMode in lblLastPay is invalid.
Line 3639: The property name ClearAction in lblLastPay is invalid.
Line 3640: The property name DecimalPoint in lblLastPay is invalid.
Line 3641: The property name DisplayFormat in lblLastPay is invalid.
Line 3642: The property name EditMode in lblLastPay is invalid.
Line 3644: The property name ErrorBeep in lblLastPay is invalid.
Line 3646: The property name Format in lblLastPay is invalid.
Line 3647: The property name HighlightText in lblLastPay is invalid.
Line 3648: The property name MarginBottom in lblLastPay is invalid.
Line 3649: The property name MarginLeft in lblLastPay is invalid.
Line 3650: The property name MarginRight in lblLastPay is invalid.
Line 3651: The property name MarginTop in lblLastPay is invalid.
Line 3652: The property name MaxValue in lblLastPay is invalid.
Line 3653: The property name MinValue in lblLastPay is invalid.
Line 3655: The property name MoveOnLRKey in lblLastPay is invalid.
Line 3656: The property name NegativeColor in lblLastPay is invalid.
Line 3659: The property name ReadOnly in lblLastPay is invalid.
Line 3660: The property name Separator in lblLastPay is invalid.
Line 3661: The property name ShowContextMenu in lblLastPay is invalid.
Line 3662: The property name ValueVT in lblLastPay is invalid.
Line 3663: The property name Value in lblLastPay is invalid.
Line 3664: The property name MaxValueVT in lblLastPay is invalid.
Line 3665: The property name MinValueVT in lblLastPay is invalid.
Line 3836: The property name _Version in lblLimit is invalid.
Line 3837: The property name _ExtentX in lblLimit is invalid.
Line 3838: The property name _ExtentY in lblLimit is invalid.
Line 3839: The property name Calculator in lblLimit is invalid.
Line 3840: The property name Caption in lblLimit is invalid.
Line 3850: The property name DropDown in lblLimit is invalid.
Line 3851: The property name Keys in lblLimit is invalid.
Line 3852: The property name Spin in lblLimit is invalid.
Line 3853: The property name AlignHorizontal in lblLimit is invalid.
Line 3854: The property name AlignVertical in lblLimit is invalid.
Line 3858: The property name BtnPositioning in lblLimit is invalid.
Line 3859: The property name ClipMode in lblLimit is invalid.
Line 3860: The property name ClearAction in lblLimit is invalid.
Line 3861: The property name DecimalPoint in lblLimit is invalid.
Line 3862: The property name DisplayFormat in lblLimit is invalid.
Line 3863: The property name EditMode in lblLimit is invalid.
Line 3865: The property name ErrorBeep in lblLimit is invalid.
Line 3867: The property name Format in lblLimit is invalid.
Line 3868: The property name HighlightText in lblLimit is invalid.
Line 3869: The property name MarginBottom in lblLimit is invalid.
Line 3870: The property name MarginLeft in lblLimit is invalid.
Line 3871: The property name MarginRight in lblLimit is invalid.
Line 3872: The property name MarginTop in lblLimit is invalid.
Line 3873: The property name MaxValue in lblLimit is invalid.
Line 3874: The property name MinValue in lblLimit is invalid.
Line 3876: The property name MoveOnLRKey in lblLimit is invalid.
Line 3877: The property name NegativeColor in lblLimit is invalid.
Line 3880: The property name ReadOnly in lblLimit is invalid.
Line 3881: The property name Separator in lblLimit is invalid.
Line 3882: The property name ShowContextMenu in lblLimit is invalid.
Line 3883: The property name ValueVT in lblLimit is invalid.
Line 3884: The property name Value in lblLimit is invalid.
Line 3885: The property name MaxValueVT in lblLimit is invalid.
Line 3886: The property name MinValueVT in lblLimit is invalid.
Line 4077: The property name _Version in lblPayDt is invalid.
Line 4078: The property name _ExtentX in lblPayDt is invalid.
Line 4079: The property name _ExtentY in lblPayDt is invalid.
Line 4080: The property name Calendar in lblPayDt is invalid.
Line 4081: The property name Caption in lblPayDt is invalid.
Line 4091: The property name DropDown in lblPayDt is invalid.
Line 4092: The property name Keys in lblPayDt is invalid.
Line 4093: The property name Spin in lblPayDt is invalid.
Line 4094: The property name AlignHorizontal in lblPayDt is invalid.
Line 4095: The property name AlignVertical in lblPayDt is invalid.
Line 4099: The property name BtnPositioning in lblPayDt is invalid.
Line 4100: The property name ClipMode in lblPayDt is invalid.
Line 4101: The property name CursorPosition in lblPayDt is invalid.
Line 4102: The property name DataProperty in lblPayDt is invalid.
Line 4103: The property name DisplayFormat in lblPayDt is invalid.
Line 4104: The property name EditMode in lblPayDt is invalid.
Line 4106: The property name ErrorBeep in lblPayDt is invalid.
Line 4107: The property name FirstMonth in lblPayDt is invalid.
Line 4109: The property name Format in lblPayDt is invalid.
Line 4110: The property name HighlightText in lblPayDt is invalid.
Line 4112: The property name MarginBottom in lblPayDt is invalid.
Line 4113: The property name MarginLeft in lblPayDt is invalid.
Line 4114: The property name MarginRight in lblPayDt is invalid.
Line 4115: The property name MarginTop in lblPayDt is invalid.
Line 4116: The property name MaxDate in lblPayDt is invalid.
Line 4117: The property name MinDate in lblPayDt is invalid.
Line 4119: The property name MoveOnLRKey in lblPayDt is invalid.
Line 4122: The property name PromptChar in lblPayDt is invalid.
Line 4123: The property name ReadOnly in lblPayDt is invalid.
Line 4124: The property name ShowContextMenu in lblPayDt is invalid.
Line 4125: The property name ShowLiterals in lblPayDt is invalid.
Line 4126: The property name TabAction in lblPayDt is invalid.
Line 4127: The property name Text in lblPayDt is invalid.
Line 4128: The property name ValidateMode in lblPayDt is invalid.
Line 4129: The property name ValueVT in lblPayDt is invalid.
Line 4130: The property name Value in lblPayDt is invalid.
Line 4131: The property name CenturyMode in lblPayDt is invalid.
Line 4188: The property name _Version in lblBD is invalid.
Line 4189: The property name _ExtentX in lblBD is invalid.
Line 4190: The property name _ExtentY in lblBD is invalid.
Line 4191: The property name Calendar in lblBD is invalid.
Line 4192: The property name Caption in lblBD is invalid.
Line 4202: The property name DropDown in lblBD is invalid.
Line 4203: The property name Keys in lblBD is invalid.
Line 4204: The property name Spin in lblBD is invalid.
Line 4205: The property name AlignHorizontal in lblBD is invalid.
Line 4206: The property name AlignVertical in lblBD is invalid.
Line 4210: The property name BtnPositioning in lblBD is invalid.
Line 4211: The property name ClipMode in lblBD is invalid.
Line 4212: The property name CursorPosition in lblBD is invalid.
Line 4213: The property name DataProperty in lblBD is invalid.
Line 4214: The property name DisplayFormat in lblBD is invalid.
Line 4215: The property name EditMode in lblBD is invalid.
Line 4217: The property name ErrorBeep in lblBD is invalid.
Line 4218: The property name FirstMonth in lblBD is invalid.
Line 4220: The property name Format in lblBD is invalid.
Line 4221: The property name HighlightText in lblBD is invalid.
Line 4223: The property name MarginBottom in lblBD is invalid.
Line 4224: The property name MarginLeft in lblBD is invalid.
Line 4225: The property name MarginRight in lblBD is invalid.
Line 4226: The property name MarginTop in lblBD is invalid.
Line 4227: The property name MaxDate in lblBD is invalid.
Line 4228: The property name MinDate in lblBD is invalid.
Line 4230: The property name MoveOnLRKey in lblBD is invalid.
Line 4233: The property name PromptChar in lblBD is invalid.
Line 4234: The property name ReadOnly in lblBD is invalid.
Line 4235: The property name ShowContextMenu in lblBD is invalid.
Line 4236: The property name ShowLiterals in lblBD is invalid.
Line 4237: The property name TabAction in lblBD is invalid.
Line 4238: The property name Text in lblBD is invalid.
Line 4239: The property name ValidateMode in lblBD is invalid.
Line 4240: The property name ValueVT in lblBD is invalid.
Line 4241: The property name Value in lblBD is invalid.
Line 4242: The property name CenturyMode in lblBD is invalid.
Line 4366: The property name _Version in lblLastBill is invalid.
Line 4367: The property name _ExtentX in lblLastBill is invalid.
Line 4368: The property name _ExtentY in lblLastBill is invalid.
Line 4369: The property name Calendar in lblLastBill is invalid.
Line 4370: The property name Caption in lblLastBill is invalid.
Line 4380: The property name DropDown in lblLastBill is invalid.
Line 4381: The property name Keys in lblLastBill is invalid.
Line 4382: The property name Spin in lblLastBill is invalid.
Line 4383: The property name AlignHorizontal in lblLastBill is invalid.
Line 4384: The property name AlignVertical in lblLastBill is invalid.
Line 4388: The property name BtnPositioning in lblLastBill is invalid.
Line 4389: The property name ClipMode in lblLastBill is invalid.
Line 4390: The property name CursorPosition in lblLastBill is invalid.
Line 4391: The property name DataProperty in lblLastBill is invalid.
Line 4392: The property name DisplayFormat in lblLastBill is invalid.
Line 4393: The property name EditMode in lblLastBill is invalid.
Line 4395: The property name ErrorBeep in lblLastBill is invalid.
Line 4396: The property name FirstMonth in lblLastBill is invalid.
Line 4398: The property name Format in lblLastBill is invalid.
Line 4399: The property name HighlightText in lblLastBill is invalid.
Line 4401: The property name MarginBottom in lblLastBill is invalid.
Line 4402: The property name MarginLeft in lblLastBill is invalid.
Line 4403: The property name MarginRight in lblLastBill is invalid.
Line 4404: The property name MarginTop in lblLastBill is invalid.
Line 4405: The property name MaxDate in lblLastBill is invalid.
Line 4406: The property name MinDate in lblLastBill is invalid.
Line 4408: The property name MoveOnLRKey in lblLastBill is invalid.
Line 4411: The property name PromptChar in lblLastBill is invalid.
Line 4412: The property name ReadOnly in lblLastBill is invalid.
Line 4413: The property name ShowContextMenu in lblLastBill is invalid.
Line 4414: The property name ShowLiterals in lblLastBill is invalid.
Line 4415: The property name TabAction in lblLastBill is invalid.
Line 4416: The property name Text in lblLastBill is invalid.
Line 4417: The property name ValidateMode in lblLastBill is invalid.
Line 4418: The property name ValueVT in lblLastBill is invalid.
Line 4419: The property name Value in lblLastBill is invalid.
Line 4420: The property name CenturyMode in lblLastBill is invalid.
Line 4677: The property name _Version in lblLcAtm is invalid.
Line 4678: The property name _ExtentX in lblLcAtm is invalid.
Line 4679: The property name _ExtentY in lblLcAtm is invalid.
Line 4680: The property name Calendar in lblLcAtm is invalid.
Line 4681: The property name Caption in lblLcAtm is invalid.
Line 4691: The property name DropDown in lblLcAtm is invalid.
Line 4692: The property name Keys in lblLcAtm is invalid.
Line 4693: The property name Spin in lblLcAtm is invalid.
Line 4694: The property name AlignHorizontal in lblLcAtm is invalid.
Line 4695: The property name AlignVertical in lblLcAtm is invalid.
Line 4699: The property name BtnPositioning in lblLcAtm is invalid.
Line 4700: The property name ClipMode in lblLcAtm is invalid.
Line 4701: The property name CursorPosition in lblLcAtm is invalid.
Line 4702: The property name DataProperty in lblLcAtm is invalid.
Line 4703: The property name DisplayFormat in lblLcAtm is invalid.
Line 4704: The property name EditMode in lblLcAtm is invalid.
Line 4706: The property name ErrorBeep in lblLcAtm is invalid.
Line 4707: The property name FirstMonth in lblLcAtm is invalid.
Line 4709: The property name Format in lblLcAtm is invalid.
Line 4710: The property name HighlightText in lblLcAtm is invalid.
Line 4712: The property name MarginBottom in lblLcAtm is invalid.
Line 4713: The property name MarginLeft in lblLcAtm is invalid.
Line 4714: The property name MarginRight in lblLcAtm is invalid.
Line 4715: The property name MarginTop in lblLcAtm is invalid.
Line 4716: The property name MaxDate in lblLcAtm is invalid.
Line 4717: The property name MinDate in lblLcAtm is invalid.
Line 4719: The property name MoveOnLRKey in lblLcAtm is invalid.
Line 4722: The property name PromptChar in lblLcAtm is invalid.
Line 4723: The property name ReadOnly in lblLcAtm is invalid.
Line 4724: The property name ShowContextMenu in lblLcAtm is invalid.
Line 4725: The property name ShowLiterals in lblLcAtm is invalid.
Line 4726: The property name TabAction in lblLcAtm is invalid.
Line 4727: The property name Text in lblLcAtm is invalid.
Line 4728: The property name ValidateMode in lblLcAtm is invalid.
Line 4729: The property name ValueVT in lblLcAtm is invalid.
Line 4730: The property name Value in lblLcAtm is invalid.
Line 4731: The property name CenturyMode in lblLcAtm is invalid.
Line 4855: The property name _Version in lblDate is invalid.
Line 4856: The property name _ExtentX in lblDate is invalid.
Line 4857: The property name _ExtentY in lblDate is invalid.
Line 4858: The property name Calendar in lblDate is invalid.
Line 4859: The property name Caption in lblDate is invalid.
Line 4869: The property name DropDown in lblDate is invalid.
Line 4870: The property name Keys in lblDate is invalid.
Line 4871: The property name Spin in lblDate is invalid.
Line 4872: The property name AlignHorizontal in lblDate is invalid.
Line 4873: The property name AlignVertical in lblDate is invalid.
Line 4877: The property name BtnPositioning in lblDate is invalid.
Line 4878: The property name ClipMode in lblDate is invalid.
Line 4879: The property name CursorPosition in lblDate is invalid.
Line 4880: The property name DataProperty in lblDate is invalid.
Line 4881: The property name DisplayFormat in lblDate is invalid.
Line 4882: The property name EditMode in lblDate is invalid.
Line 4884: The property name ErrorBeep in lblDate is invalid.
Line 4885: The property name FirstMonth in lblDate is invalid.
Line 4887: The property name Format in lblDate is invalid.
Line 4888: The property name HighlightText in lblDate is invalid.
Line 4890: The property name MarginBottom in lblDate is invalid.
Line 4891: The property name MarginLeft in lblDate is invalid.
Line 4892: The property name MarginRight in lblDate is invalid.
Line 4893: The property name MarginTop in lblDate is invalid.
Line 4894: The property name MaxDate in lblDate is invalid.
Line 4895: The property name MinDate in lblDate is invalid.
Line 4897: The property name MoveOnLRKey in lblDate is invalid.
Line 4900: The property name PromptChar in lblDate is invalid.
Line 4901: The property name ReadOnly in lblDate is invalid.
Line 4902: The property name ShowContextMenu in lblDate is invalid.
Line 4903: The property name ShowLiterals in lblDate is invalid.
Line 4904: The property name TabAction in lblDate is invalid.
Line 4905: The property name Text in lblDate is invalid.
Line 4906: The property name ValidateMode in lblDate is invalid.
Line 4907: The property name ValueVT in lblDate is invalid.
Line 4908: The property name Value in lblDate is invalid.
Line 4909: The property name CenturyMode in lblDate is invalid.
Line 5167: The property name _Version in lblOpenDate is invalid.
Line 5168: The property name _ExtentX in lblOpenDate is invalid.
Line 5169: The property name _ExtentY in lblOpenDate is invalid.
Line 5170: The property name Calendar in lblOpenDate is invalid.
Line 5171: The property name Caption in lblOpenDate is invalid.
Line 5181: The property name DropDown in lblOpenDate is invalid.
Line 5182: The property name Keys in lblOpenDate is invalid.
Line 5183: The property name Spin in lblOpenDate is invalid.
Line 5184: The property name AlignHorizontal in lblOpenDate is invalid.
Line 5185: The property name AlignVertical in lblOpenDate is invalid.
Line 5189: The property name BtnPositioning in lblOpenDate is invalid.
Line 5190: The property name ClipMode in lblOpenDate is invalid.
Line 5191: The property name CursorPosition in lblOpenDate is invalid.
Line 5192: The property name DataProperty in lblOpenDate is invalid.
Line 5193: The property name DisplayFormat in lblOpenDate is invalid.
Line 5194: The property name EditMode in lblOpenDate is invalid.
Line 5196: The property name ErrorBeep in lblOpenDate is invalid.
Line 5197: The property name FirstMonth in lblOpenDate is invalid.
Line 5199: The property name Format in lblOpenDate is invalid.
Line 5200: The property name HighlightText in lblOpenDate is invalid.
Line 5202: The property name MarginBottom in lblOpenDate is invalid.
Line 5203: The property name MarginLeft in lblOpenDate is invalid.
Line 5204: The property name MarginRight in lblOpenDate is invalid.
Line 5205: The property name MarginTop in lblOpenDate is invalid.
Line 5206: The property name MaxDate in lblOpenDate is invalid.
Line 5207: The property name MinDate in lblOpenDate is invalid.
Line 5209: The property name MoveOnLRKey in lblOpenDate is invalid.
Line 5212: The property name PromptChar in lblOpenDate is invalid.
Line 5213: The property name ReadOnly in lblOpenDate is invalid.
Line 5214: The property name ShowContextMenu in lblOpenDate is invalid.
Line 5215: The property name ShowLiterals in lblOpenDate is invalid.
Line 5216: The property name TabAction in lblOpenDate is invalid.
Line 5217: The property name Text in lblOpenDate is invalid.
Line 5218: The property name ValidateMode in lblOpenDate is invalid.
Line 5219: The property name ValueVT in lblOpenDate is invalid.
Line 5220: The property name Value in lblOpenDate is invalid.
Line 5221: The property name CenturyMode in lblOpenDate is invalid.
Line 5285: The property name _Version in txtHomeNo1 is invalid.
Line 5286: The property name _ExtentX in txtHomeNo1 is invalid.
Line 5287: The property name _ExtentY in txtHomeNo1 is invalid.
Line 5288: The property name Caption in txtHomeNo1 is invalid.
Line 5298: The property name Keys in txtHomeNo1 is invalid.
Line 5299: The property name AlignHorizontal in txtHomeNo1 is invalid.
Line 5300: The property name AlignVertical in txtHomeNo1 is invalid.
Line 5302: The property name AllowSpace in txtHomeNo1 is invalid.
Line 5303: The property name AutoConvert in txtHomeNo1 is invalid.
Line 5306: The property name ClipMode in txtHomeNo1 is invalid.
Line 5307: The property name CursorPosition in txtHomeNo1 is invalid.
Line 5308: The property name DataProperty in txtHomeNo1 is invalid.
Line 5309: The property name EditMode in txtHomeNo1 is invalid.
Line 5311: The property name ErrorBeep in txtHomeNo1 is invalid.
Line 5313: The property name Format in txtHomeNo1 is invalid.
Line 5314: The property name HighlightText in txtHomeNo1 is invalid.
Line 5316: The property name IMEStatus in txtHomeNo1 is invalid.
Line 5317: The property name LookupMode in txtHomeNo1 is invalid.
Line 5318: The property name LookupTable in txtHomeNo1 is invalid.
Line 5319: The property name MarginBottom in txtHomeNo1 is invalid.
Line 5320: The property name MarginLeft in txtHomeNo1 is invalid.
Line 5321: The property name MarginRight in txtHomeNo1 is invalid.
Line 5322: The property name MarginTop in txtHomeNo1 is invalid.
Line 5324: The property name MoveOnLRKey in txtHomeNo1 is invalid.
Line 5327: The property name PromptChar in txtHomeNo1 is invalid.
Line 5328: The property name ReadOnly in txtHomeNo1 is invalid.
Line 5329: The property name ShowContextMenu in txtHomeNo1 is invalid.
Line 5330: The property name ShowLiterals in txtHomeNo1 is invalid.
Line 5331: The property name TabAction in txtHomeNo1 is invalid.
Line 5332: The property name Text in txtHomeNo1 is invalid.
Line 5333: The property name Value in txtHomeNo1 is invalid.
Line 5341: The property name _Version in AHome1 is invalid.
Line 5342: The property name _ExtentX in AHome1 is invalid.
Line 5343: The property name _ExtentY in AHome1 is invalid.
Line 5344: The property name Caption in AHome1 is invalid.
Line 5354: The property name Keys in AHome1 is invalid.
Line 5355: The property name AlignHorizontal in AHome1 is invalid.
Line 5356: The property name AlignVertical in AHome1 is invalid.
Line 5358: The property name AllowSpace in AHome1 is invalid.
Line 5359: The property name AutoConvert in AHome1 is invalid.
Line 5362: The property name ClipMode in AHome1 is invalid.
Line 5363: The property name CursorPosition in AHome1 is invalid.
Line 5364: The property name DataProperty in AHome1 is invalid.
Line 5365: The property name EditMode in AHome1 is invalid.
Line 5367: The property name ErrorBeep in AHome1 is invalid.
Line 5369: The property name Format in AHome1 is invalid.
Line 5370: The property name HighlightText in AHome1 is invalid.
Line 5372: The property name IMEStatus in AHome1 is invalid.
Line 5373: The property name LookupMode in AHome1 is invalid.
Line 5374: The property name LookupTable in AHome1 is invalid.
Line 5375: The property name MarginBottom in AHome1 is invalid.
Line 5376: The property name MarginLeft in AHome1 is invalid.
Line 5377: The property name MarginRight in AHome1 is invalid.
Line 5378: The property name MarginTop in AHome1 is invalid.
Line 5380: The property name MoveOnLRKey in AHome1 is invalid.
Line 5383: The property name PromptChar in AHome1 is invalid.
Line 5384: The property name ReadOnly in AHome1 is invalid.
Line 5385: The property name ShowContextMenu in AHome1 is invalid.
Line 5386: The property name ShowLiterals in AHome1 is invalid.
Line 5387: The property name TabAction in AHome1 is invalid.
Line 5388: The property name Text in AHome1 is invalid.
Line 5389: The property name Value in AHome1 is invalid.
Line 5439: The property name _ExtentX in ListView1 is invalid.
Line 5440: The property name _ExtentY in ListView1 is invalid.
Line 5441: The property name View in ListView1 is invalid.
Line 5442: The property name LabelEdit in ListView1 is invalid.
Line 5443: The property name SortOrder in ListView1 is invalid.
Line 5444: The property name Sorted in ListView1 is invalid.
Line 5445: The property name LabelWrap in ListView1 is invalid.
Line 5446: The property name HideSelection in ListView1 is invalid.
Line 5447: The property name FullRowSelect in ListView1 is invalid.
Line 5448: The property name GridLines in ListView1 is invalid.
Line 5449: The property name _Version in ListView1 is invalid.
Line 5463: The property name NumItems in ListView1 is invalid.
Line 5487: The property name _ExtentX in SSCommand1 is invalid.
Line 5488: The property name _ExtentY in SSCommand1 is invalid.
Line 5489: The property name _Version in SSCommand1 is invalid.
Line 5490: The property name Font3D in SSCommand1 is invalid.
Line 5493: The property name PictureMaskColor in SSCommand1 is invalid.
Line 5494: The property name PictureFrames in SSCommand1 is invalid.
Line 5505: The property name Caption in SSCommand1 is invalid.
Line 5507: The property name Alignment in SSCommand1 is invalid.
Line 5508: The property name ButtonStyle in SSCommand1 is invalid.
Line 5509: The property name PictureAlignment in SSCommand1 is invalid.
Line 5480: Property Picture in SSCommand1 could not be set.
Line 5480: Property MousePointer in SSCommand1 could not be set.
Line 5512: The property name Cancel in SSCommand1 is invalid.
Line 5519: The property name _ExtentX in SSCommand1 is invalid.
Line 5520: The property name _ExtentY in SSCommand1 is invalid.
Line 5521: The property name _Version in SSCommand1 is invalid.
Line 5522: The property name Font3D in SSCommand1 is invalid.
Line 5525: The property name PictureMaskColor in SSCommand1 is invalid.
Line 5526: The property name PictureFrames in SSCommand1 is invalid.
Line 5537: The property name Caption in SSCommand1 is invalid.
Line 5539: The property name Alignment in SSCommand1 is invalid.
Line 5540: The property name ButtonStyle in SSCommand1 is invalid.
Line 5541: The property name PictureAlignment in SSCommand1 is invalid.
Line 5511: Property Picture in SSCommand1 could not be set.
Line 5511: Property MousePointer in SSCommand1 could not be set.
Line 5550: The property name _ExtentX in SSCommand1 is invalid.
Line 5551: The property name _ExtentY in SSCommand1 is invalid.
Line 5552: The property name _Version in SSCommand1 is invalid.
Line 5553: The property name Font3D in SSCommand1 is invalid.
Line 5556: The property name PictureMaskColor in SSCommand1 is invalid.
Line 5557: The property name PictureFrames in SSCommand1 is invalid.
Line 5568: The property name Caption in SSCommand1 is invalid.
Line 5570: The property name Alignment in SSCommand1 is invalid.
Line 5571: The property name ButtonStyle in SSCommand1 is invalid.
Line 5572: The property name PictureAlignment in SSCommand1 is invalid.
Line 5543: Property Picture in SSCommand1 could not be set.
Line 5543: Property MousePointer in SSCommand1 could not be set.
