Line 74: Class MSWinsockLib.Winsock of control Winsock2 was not a loaded control class.
Line 110: Class Threed.SSPanel of control SSPanel1 was not a loaded control class.
Line 294: Class MSWinsockLib.Winsock of control Winsock1 was not a loaded control class.
Line 303: Class Threed.SSPanel of control SSPanel2 was not a loaded control class.
Line 327: Class Threed.SSCommand of control SSCommand1 was not a loaded control class.
Line 361: Class Threed.SSCommand of control SSCommand1 was not a loaded control class.
Line 395: Class Threed.SSCommand of control SSCommand1 was not a loaded control class.
Line 430: Class Threed.SSCommand of control SSCommand1 was not a loaded control class.
Line 465: Class Threed.SSCommand of control SSCommand1 was not a loaded control class.
Line 499: Class Threed.SSCommand of control SSCommand1 was not a loaded control class.
Line 533: Class Threed.SSCommand of control SSCommand1 was not a loaded control class.
Line 567: Class Threed.SSCommand of control SSCommand1 was not a loaded control class.
Line 639: Class MSCommLib.MSComm of control MsComLogin was not a loaded control class.
Line 647: Class MSCommLib.MSComm of control MSComm1 was not a loaded control class.
Line 655: Class Threed.SSPanel of control SSPanel3 was not a loaded control class.
Line 739: Class MSWinsockLib.Winsock of control WskRequest was not a loaded control class.
Line 798: Class TabDlg.SSTab of control SSTab1 was not a loaded control class.
Line 890: Class Threed.SSFrame of control SSFrame1 was not a loaded control class.
Line 908: Class Threed.SSCommand of control SSCommand2 was not a loaded control class.
Line 920: Class MSComctlLib.ListView of control LstGrade was not a loaded control class.
Line 959: Class TDBDate6Ctl.TDBDate of control TDBDate1 was not a loaded control class.
Line 1022: Class Threed.SSPanel of control SSPanel4 was not a loaded control class.
Line 1042: Class Threed.SSCommand of control CmdCancel was not a loaded control class.
Line 1067: Class Threed.SSCommand of control CmdNo was not a loaded control class.
Line 1094: Class Threed.SSCommand of control CmdNo was not a loaded control class.
Line 1121: Class Threed.SSCommand of control CmdNo was not a loaded control class.
Line 1148: Class Threed.SSCommand of control CmdNo was not a loaded control class.
Line 1175: Class Threed.SSCommand of control CmdNo was not a loaded control class.
Line 1202: Class Threed.SSCommand of control CmdNo was not a loaded control class.
Line 1229: Class Threed.SSCommand of control CmdNo was not a loaded control class.
Line 1256: Class Threed.SSCommand of control CmdNo was not a loaded control class.
Line 1283: Class Threed.SSCommand of control CmdNo was not a loaded control class.
Line 1310: Class Threed.SSCommand of control CmdNo was not a loaded control class.
Line 1337: Class Threed.SSCommand of control CmdBintang was not a loaded control class.
Line 1363: Class Threed.SSCommand of control CmdPager was not a loaded control class.
Line 1389: Class Threed.SSCommand of control CmdHangUp was not a loaded control class.
Line 1408: Class MSComctlLib.ListView of control LstInformation was not a loaded control class.
Line 1428: Class Threed.SSCommand of control CmdCall was not a loaded control class.
Line 1467: Class Threed.SSCommand of control SSCommand1 was not a loaded control class.
Line 1500: Class Threed.SSCommand of control SSCommand1 was not a loaded control class.
Line 1533: Class Threed.SSCommand of control SSCommand1 was not a loaded control class.
Line 1566: Class Threed.SSCommand of control SSCommand1 was not a loaded control class.
Line 1803: Class MSWinsockLib.Winsock of control WskCTI was not a loaded control class.
Line 1812: Class Threed.SSPanel of control SSPanel_browse was not a loaded control class.
Line 1833: Class SHDocVwCtl.WebBrowser of control WebBrowser1 was not a loaded control class.
Line 1859: Class Threed.SSPanel of control SSPanel5 was not a loaded control class.
Line 1901: Class Threed.SSCommand of control SSCommand3 was not a loaded control class.
